#
# There is insufficient memory for the Java Runtime Environment to continue.
# Native memory allocation (malloc) failed to allocate 2501296 bytes for Chunk::new
# Possible reasons:
#   The system is out of physical RAM or swap space
#   The process is running with CompressedOops enabled, and the Java Heap may be blocking the growth of the native heap
# Possible solutions:
#   Reduce memory load on the system
#   Increase physical memory or swap space
#   Check if swap backing store is full
#   Decrease Java heap size (-Xmx/-Xms)
#   Decrease number of Java threads
#   Decrease Java thread stack sizes (-Xss)
#   Set larger code cache with -XX:ReservedCodeCacheSize=
#   JVM is running with Unscaled Compressed Oops mode in which the Java heap is
#     placed in the first 4GB address space. The Java Heap base address is the
#     maximum limit for the native heap growth. Please use -XX:HeapBaseMinAddress
#     to set the Java Heap base and to place the Java Heap above 4GB virtual address.
# This output file may be truncated or incomplete.
#
#  Out of Memory Error (./src/hotspot/share/memory/arena.cpp:197), pid=6968, tid=14432
#
# JRE version: OpenJDK Runtime Environment Microsoft-40648 (11.0.16.1+1) (build 11.0.16.1+1-LTS)
# Java VM: OpenJDK 64-Bit Server VM Microsoft-40648 (11.0.16.1+1-LTS, mixed mode, tiered, compressed oops, g1 gc, windows-amd64)
# No core dump will be written. Minidumps are not enabled by default on client versions of Windows
#

---------------  S U M M A R Y ------------

Command Line: -Xmx1G com.android.tools.r8.D8 --debug --min-api 21 --output obj\Debug\net7.0-android\android\bin\ --lib C:\Program Files (x86)\Android\android-sdk\platforms\android-33\android.jar obj\Debug\net7.0-android\android\bin\classes.zip C:\Program Files\dotnet\packs\Microsoft.Android.Ref.33\33.0.68\ref\net7.0\mono.android.jar C:\Program Files\dotnet\packs\Microsoft.Android.Sdk.Windows\33.0.68\tools\java_runtime_fastdev_net6.jar C:\Users\anilm\.nuget\packages\xamarin.jetbrains.annotations\23.0.0.5\buildTransitive\net6.0-android31.0\..\..\jar\org.jetbrains.annotations-23.0.0.jar C:\Users\anilm\.nuget\packages\xamarin.kotlin.stdlib\1.7.20.1\buildTransitive\net6.0-android31.0\..\..\jar\org.jetbrains.kotlin.kotlin-stdlib-1.7.20.jar C:\Users\anilm\.nuget\packages\xamarin.kotlin.stdlib.jdk7\1.7.20.1\buildTransitive\net6.0-android31.0\..\..\jar\org.jetbrains.kotlin.kotlin-stdlib-jdk7-1.7.20.jar C:\Users\anilm\.nuget\packages\xamarin.kotlin.stdlib.jdk8\1.7.20.1\buildTransitive\net6.0-android31.0\..\..\jar\org.jetbrains.kotlin.kotlin-stdlib-jdk8-1.7.20.jar C:\Users\anilm\.nuget\packages\xamarin.kotlinx.coroutines.core.jvm\1.6.4.1\buildTransitive\net6.0-android31.0\..\..\jar\org.jetbrains.kotlinx.kotlinx-coroutines-core-jvm-1.6.4.jar C:\Users\anilm\.nuget\packages\xamarin.kotlinx.coroutines.android\1.6.4.1\buildTransitive\net6.0-android31.0\..\..\jar\org.jetbrains.kotlinx.kotlinx-coroutines-android-1.6.4.jar C:\Users\anilm\.nuget\packages\xamarin.google.guava.listenablefuture\1.0.0.10\buildTransitive\net6.0-android31.0\..\..\jar\guava-listenablefuture.jar C:\Users\anilm\.nuget\packages\xamarin.androidx.annotation\1.5.0.1\buildTransitive\net6.0-android31.0\..\..\jar\androidx.annotation.annotation.jar C:\Users\anilm\.nuget\packages\xamarin.androidx.collection\1.2.0.5\buildTransitive\net6.0-android31.0\..\..\jar\androidx.collection.collection.jar C:\Users\anilm\.nuget\packages\xamarin.androidx.lifecycle.common\2.5.1.1\buildTransitive\net6.0-android31.0\..\..\jar\androidx.lifecycle.lifecycle-common.jar C:\Users\anilm\.nuget\packages\xamarin.androidx.arch.core.common\2.1.0.16\buildTransitive\net6.0-android31.0\..\..\jar\androidx.arch.core.core-common.jar C:\Users\anilm\.nuget\packages\xamarin.androidx.concurrent.futures\1.1.0.10\buildTransitive\net6.0-android31.0\..\..\jar\androidx.concurrent.concurrent-futures.jar C:\Users\anilm\.nuget\packages\xamarin.androidx.resourceinspection.annotation\1.0.1.2\buildTransitive\net6.0-android31.0\..\..\jar\androidx.resourceinspection.resourceinspection-annotation.jar C:\Users\anilm\.nuget\packages\xamarin.androidx.constraintlayout.core\1.0.4.1\buildTransitive\net6.0-android31.0\..\..\jar\androidx.constraintlayout.constraintlayout-core.jar C:\Users\anilm\.nuget\packages\xamarin.androidx.collection.ktx\1.2.0.5\buildTransitive\net6.0-android31.0\..\..\jar\androidx.collection.collection-ktx.jar C:\Users\anilm\.nuget\packages\xamarin.android.glide.disklrucache\4.13.2.2\buildTransitive\net6.0-android31.0\..\..\jar\disklrucache.jar C:\Users\anilm\.nuget\packages\xamarin.android.glide.annotations\4.13.2.2\buildTransitive\net6.0-android31.0\..\..\jar\annotations.jar obj\Debug\net7.0-android\lp\100\jl\classes.jar obj\Debug\net7.0-android\lp\101\jl\classes.jar obj\Debug\net7.0-android\lp\102\jl\classes.jar obj\Debug\net7.0-android\lp\103\jl\classes.jar obj\Debug\net7.0-android\lp\104\jl\classes.jar obj\Debug\net7.0-android\lp\105\jl\classes.jar obj\Debug\net7.0-android\lp\106\jl\classes.jar obj\Debug\net7.0-android\lp\107\jl\classes.jar obj\Debug\net7.0-android\lp\108\jl\classes.jar obj\Debug\net7.0-android\lp\109\jl\classes.jar obj\Debug\net7.0-android\lp\110\jl\classes.jar obj\Debug\net7.0-android\lp\111\jl\classes.jar obj\Debug\net7.0-android\lp\112\jl\classes.jar obj\Debug\net7.0-android\lp\113\jl\classes.jar obj\Debug\net7.0-android\lp\114\jl\classes.jar obj\Debug\net7.0-android\lp\115\jl\classes.jar obj\Debug\net7.0-android\lp\116\jl\classes.jar obj\Debug\net7.0-android\lp\117\jl\classes.jar obj\Debug\net7.0-android\lp\117\jl\libs\repackaged.jar obj\Debug\net7.0-android\lp\118\jl\classes.jar obj\Debug\net7.0-android\lp\119\jl\classes.jar obj\Debug\net7.0-android\lp\120\jl\classes.jar obj\Debug\net7.0-android\lp\121\jl\classes.jar obj\Debug\net7.0-android\lp\122\jl\classes.jar obj\Debug\net7.0-android\lp\123\jl\classes.jar obj\Debug\net7.0-android\lp\124\jl\classes.jar obj\Debug\net7.0-android\lp\125\jl\classes.jar obj\Debug\net7.0-android\lp\126\jl\classes.jar obj\Debug\net7.0-android\lp\127\jl\classes.jar obj\Debug\net7.0-android\lp\128\jl\classes.jar obj\Debug\net7.0-android\lp\129\jl\classes.jar obj\Debug\net7.0-android\lp\130\jl\classes.jar obj\Debug\net7.0-android\lp\131\jl\classes.jar obj\Debug\net7.0-android\lp\132\jl\classes.jar obj\Debug\net7.0-android\lp\133\jl\classes.jar obj\Debug\net7.0-android\lp\134\jl\classes.jar obj\Debug\net7.0-android\lp\135\jl\classes.jar obj\Debug\net7.0-android\lp\136\jl\classes.jar obj\Debug\net7.0-android\lp\137\jl\classes.jar obj\Debug\net7.0-android\lp\138\jl\classes.jar obj\Debug\net7.0-android\lp\139\jl\classes.jar obj\Debug\net7.0-android\lp\140\jl\classes.jar obj\Debug\net7.0-android\lp\141\jl\classes.jar obj\Debug\net7.0-android\lp\142\jl\classes.jar obj\Debug\net7.0-android\lp\143\jl\classes.jar obj\Debug\net7.0-android\lp\144\jl\classes.jar obj\Debug\net7.0-android\lp\145\jl\classes.jar obj\Debug\net7.0-android\lp\147\jl\classes.jar obj\Debug\net7.0-android\lp\148\jl\classes.jar obj\Debug\net7.0-android\lp\149\jl\classes.jar obj\Debug\net7.0-android\lp\150\jl\classes.jar obj\Debug\net7.0-android\lp\151\jl\libs\ED64959F88B22E6D.jar obj\Debug\net7.0-android\lp\154\jl\classes.jar obj\Debug\net7.0-android\lp\157\jl\libs\F975D0960055A5E3.jar obj\Debug\net7.0-android\lp\89\jl\classes.jar obj\Debug\net7.0-android\lp\90\jl\classes.jar obj\Debug\net7.0-android\lp\91\jl\classes.jar obj\Debug\net7.0-android\lp\92\jl\classes.jar obj\Debug\net7.0-android\lp\93\jl\classes.jar obj\Debug\net7.0-android\lp\94\jl\classes.jar obj\Debug\net7.0-android\lp\95\jl\classes.jar obj\Debug\net7.0-android\lp\96\jl\classes.jar obj\Debug\net7.0-android\lp\97\jl\classes.jar obj\Debug\net7.0-android\lp\98\jl\classes.jar obj\Debug\net7.0-android\lp\99\jl\classes.jar

Host: Intel(R) Core(TM) i5-3470S CPU @ 2.90GHz, 4 cores, 7G,  Windows 10 , 64 bit Build 19041 (10.0.19041.3636)
Time: Wed Dec  6 02:13:45 2023 Hora oficial do Brasil elapsed time: 7.009944 seconds (0d 0h 0m 7s)

---------------  T H R E A D  ---------------

Current thread (0x0000022b98194800):  JavaThread "C2 CompilerThread1" daemon [_thread_in_native, id=14432, stack(0x000000da1bf00000,0x000000da1c000000)]


Current CompileTask:
C2:   7010 2242       4       com.android.tools.r8.graph.y2::a (2719 bytes)

Stack: [0x000000da1bf00000,0x000000da1c000000]
Native frames: (J=compiled Java code, j=interpreted, Vv=VM code, C=native code)
V  [jvm.dll+0x62652a]
V  [jvm.dll+0x7b3249]
V  [jvm.dll+0x7b4938]
V  [jvm.dll+0x7b5013]
V  [jvm.dll+0x24fca8]
V  [jvm.dll+0xc262c]
V  [jvm.dll+0xc2bec]
V  [jvm.dll+0x359e32]
V  [jvm.dll+0x326003]
V  [jvm.dll+0x32533a]
V  [jvm.dll+0x208fd5]
V  [jvm.dll+0x2080fd]
V  [jvm.dll+0x18a411]
V  [jvm.dll+0x217954]
V  [jvm.dll+0x215b9b]
V  [jvm.dll+0x775d50]
V  [jvm.dll+0x76ec84]
V  [jvm.dll+0x625395]
C  [ucrtbase.dll+0x21bb2]
C  [KERNEL32.DLL+0x17344]
C  [ntdll.dll+0x526b1]


---------------  P R O C E S S  ---------------

Threads class SMR info:
_java_thread_list=0x0000022b97c7bb90, length=13, elements={
0x0000022bfa98b800, 0x0000022bff545800, 0x0000022bff547000, 0x0000022bff553000,
0x0000022bff555000, 0x0000022bff556000, 0x0000022bff55d800, 0x0000022bff562800,
0x0000022bff576000, 0x0000022b97804000, 0x0000022b98189800, 0x0000022b9813f800,
0x0000022b98194800
}

Java Threads: ( => current thread )
  0x0000022bfa98b800 JavaThread "main" [_thread_blocked, id=13144, stack(0x000000da1a800000,0x000000da1a900000)]
  0x0000022bff545800 JavaThread "Reference Handler" daemon [_thread_blocked, id=13196, stack(0x000000da1af00000,0x000000da1b000000)]
  0x0000022bff547000 JavaThread "Finalizer" daemon [_thread_blocked, id=5540, stack(0x000000da1b000000,0x000000da1b100000)]
  0x0000022bff553000 JavaThread "Signal Dispatcher" daemon [_thread_blocked, id=16248, stack(0x000000da1b100000,0x000000da1b200000)]
  0x0000022bff555000 JavaThread "Attach Listener" daemon [_thread_blocked, id=16848, stack(0x000000da1b200000,0x000000da1b300000)]
  0x0000022bff556000 JavaThread "Service Thread" daemon [_thread_blocked, id=18020, stack(0x000000da1b300000,0x000000da1b400000)]
  0x0000022bff55d800 JavaThread "C2 CompilerThread0" daemon [_thread_in_native, id=17540, stack(0x000000da1b400000,0x000000da1b500000)]
  0x0000022bff562800 JavaThread "C1 CompilerThread0" daemon [_thread_blocked, id=13868, stack(0x000000da1b500000,0x000000da1b600000)]
  0x0000022bff576000 JavaThread "Sweeper thread" daemon [_thread_blocked, id=16056, stack(0x000000da1b600000,0x000000da1b700000)]
  0x0000022b97804000 JavaThread "Common-Cleaner" daemon [_thread_blocked, id=18004, stack(0x000000da1b800000,0x000000da1b900000)]
  0x0000022b98189800 JavaThread "ForkJoinPool-1-worker-3" daemon [_thread_in_vm, id=16880, stack(0x000000da1b900000,0x000000da1ba00000)]
  0x0000022b9813f800 JavaThread "ForkJoinPool-1-worker-1" daemon [_thread_in_Java, id=16684, stack(0x000000da1be00000,0x000000da1bf00000)]
=>0x0000022b98194800 JavaThread "C2 CompilerThread1" daemon [_thread_in_native, id=14432, stack(0x000000da1bf00000,0x000000da1c000000)]

Other Threads:
  0x0000022bff530000 VMThread "VM Thread" [stack: 0x000000da1ae00000,0x000000da1af00000] [id=14640]
  0x0000022b977ed800 WatcherThread [stack: 0x000000da1b700000,0x000000da1b800000] [id=18252]
  0x0000022bfa9a3000 GCTaskThread "GC Thread#0" [stack: 0x000000da1a900000,0x000000da1aa00000] [id=16968]
  0x0000022b9804a800 GCTaskThread "GC Thread#1" [stack: 0x000000da1ba00000,0x000000da1bb00000] [id=17872]
  0x0000022b97f6c800 GCTaskThread "GC Thread#2" [stack: 0x000000da1bb00000,0x000000da1bc00000] [id=16472]
  0x0000022b98f99800 GCTaskThread "GC Thread#3" [stack: 0x000000da1c100000,0x000000da1c200000] [id=17044]
  0x0000022bfa9be800 ConcurrentGCThread "G1 Main Marker" [stack: 0x000000da1aa00000,0x000000da1ab00000] [id=17224]
  0x0000022bfa9c0800 ConcurrentGCThread "G1 Conc#0" [stack: 0x000000da1ab00000,0x000000da1ac00000] [id=16452]
  0x0000022bfaa4e000 ConcurrentGCThread "G1 Refine#0" [stack: 0x000000da1ac00000,0x000000da1ad00000] [id=12440]
  0x0000022b981a7000 ConcurrentGCThread "G1 Refine#1" [stack: 0x000000da1bc00000,0x000000da1bd00000] [id=17112]
  0x0000022b98248000 ConcurrentGCThread "G1 Refine#2" [stack: 0x000000da1bd00000,0x000000da1be00000] [id=6992]
  0x0000022b987b2800 ConcurrentGCThread "G1 Refine#3" [stack: 0x000000da1c000000,0x000000da1c100000] [id=2148]
  0x0000022bfaa51000 ConcurrentGCThread "G1 Young RemSet Sampling" [stack: 0x000000da1ad00000,0x000000da1ae00000] [id=15568]

Threads with active compile tasks:
C2 CompilerThread0     7054 2289 %     4       com.android.tools.r8.internal.Pa::a @ 2683 (6176 bytes)
C2 CompilerThread1     7054 2242       4       com.android.tools.r8.graph.y2::a (2719 bytes)

VM state:not at safepoint (normal execution)

VM Mutex/Monitor currently owned by a thread: None

Heap address: 0x00000000c0000000, size: 1024 MB, Compressed Oops mode: 32-bit
Narrow klass base: 0x0000000000000000, Narrow klass shift: 3
Compressed class space size: 1073741824 Address: 0x0000000100000000

Heap:
 garbage-first heap   total 370688K, used 194339K [0x00000000c0000000, 0x0000000100000000)
  region size 1024K, 67 young (68608K), 11 survivors (11264K)
 Metaspace       used 15114K, capacity 15377K, committed 15488K, reserved 1062912K
  class space    used 1514K, capacity 1611K, committed 1664K, reserved 1048576K
Heap Regions: E=young(eden), S=young(survivor), O=old, HS=humongous(starts), HC=humongous(continues), CS=collection set, F=free, A=archive, TAMS=top-at-mark-start (previous, next)
|   0|0x00000000c0000000, 0x00000000c0100000, 0x00000000c0100000|100%|HS|  |TAMS 0x00000000c0100000, 0x00000000c0000000| Complete 
|   1|0x00000000c0100000, 0x00000000c0200000, 0x00000000c0200000|100%|HC|  |TAMS 0x00000000c0200000, 0x00000000c0100000| Complete 
|   2|0x00000000c0200000, 0x00000000c0300000, 0x00000000c0300000|100%| O|  |TAMS 0x00000000c0300000, 0x00000000c0200000| Untracked 
|   3|0x00000000c0300000, 0x00000000c0400000, 0x00000000c0400000|100%| O|  |TAMS 0x00000000c0400000, 0x00000000c0300000| Untracked 
|   4|0x00000000c0400000, 0x00000000c0500000, 0x00000000c0500000|100%| O|  |TAMS 0x00000000c0500000, 0x00000000c0400000| Untracked 
|   5|0x00000000c0500000, 0x00000000c0600000, 0x00000000c0600000|100%| O|  |TAMS 0x00000000c0600000, 0x00000000c0500000| Untracked 
|   6|0x00000000c0600000, 0x00000000c0700000, 0x00000000c0700000|100%| O|  |TAMS 0x00000000c0700000, 0x00000000c0600000| Untracked 
|   7|0x00000000c0700000, 0x00000000c0800000, 0x00000000c0800000|100%| O|  |TAMS 0x00000000c0800000, 0x00000000c0700000| Untracked 
|   8|0x00000000c0800000, 0x00000000c0900000, 0x00000000c0900000|100%| O|  |TAMS 0x00000000c0900000, 0x00000000c0800000| Untracked 
|   9|0x00000000c0900000, 0x00000000c0a00000, 0x00000000c0a00000|100%| O|  |TAMS 0x00000000c0a00000, 0x00000000c0900000| Untracked 
|  10|0x00000000c0a00000, 0x00000000c0b00000, 0x00000000c0b00000|100%| O|  |TAMS 0x00000000c0b00000, 0x00000000c0a00000| Untracked 
|  11|0x00000000c0b00000, 0x00000000c0c00000, 0x00000000c0c00000|100%| O|  |TAMS 0x00000000c0c00000, 0x00000000c0b00000| Untracked 
|  12|0x00000000c0c00000, 0x00000000c0d00000, 0x00000000c0d00000|100%|HS|  |TAMS 0x00000000c0d00000, 0x00000000c0c00000| Complete 
|  13|0x00000000c0d00000, 0x00000000c0e00000, 0x00000000c0e00000|100%| O|  |TAMS 0x00000000c0e00000, 0x00000000c0d00000| Untracked 
|  14|0x00000000c0e00000, 0x00000000c0f00000, 0x00000000c0f00000|100%| O|  |TAMS 0x00000000c0f00000, 0x00000000c0e00000| Untracked 
|  15|0x00000000c0f00000, 0x00000000c1000000, 0x00000000c1000000|100%| O|  |TAMS 0x00000000c1000000, 0x00000000c0f00000| Untracked 
|  16|0x00000000c1000000, 0x00000000c1100000, 0x00000000c1100000|100%| O|  |TAMS 0x00000000c1100000, 0x00000000c1000000| Untracked 
|  17|0x00000000c1100000, 0x00000000c1200000, 0x00000000c1200000|100%| O|  |TAMS 0x00000000c1200000, 0x00000000c1100000| Untracked 
|  18|0x00000000c1200000, 0x00000000c1300000, 0x00000000c1300000|100%| O|  |TAMS 0x00000000c1300000, 0x00000000c1200000| Untracked 
|  19|0x00000000c1300000, 0x00000000c1400000, 0x00000000c1400000|100%| O|  |TAMS 0x00000000c1400000, 0x00000000c1300000| Untracked 
|  20|0x00000000c1400000, 0x00000000c1500000, 0x00000000c1500000|100%| O|  |TAMS 0x00000000c1500000, 0x00000000c1400000| Untracked 
|  21|0x00000000c1500000, 0x00000000c1600000, 0x00000000c1600000|100%| O|  |TAMS 0x00000000c1600000, 0x00000000c1500000| Untracked 
|  22|0x00000000c1600000, 0x00000000c1700000, 0x00000000c1700000|100%| O|  |TAMS 0x00000000c1700000, 0x00000000c1600000| Untracked 
|  23|0x00000000c1700000, 0x00000000c1800000, 0x00000000c1800000|100%| O|  |TAMS 0x00000000c1800000, 0x00000000c1700000| Untracked 
|  24|0x00000000c1800000, 0x00000000c1900000, 0x00000000c1900000|100%| O|  |TAMS 0x00000000c1900000, 0x00000000c1800000| Untracked 
|  25|0x00000000c1900000, 0x00000000c1a00000, 0x00000000c1a00000|100%| O|  |TAMS 0x00000000c1a00000, 0x00000000c1900000| Untracked 
|  26|0x00000000c1a00000, 0x00000000c1b00000, 0x00000000c1b00000|100%| O|  |TAMS 0x00000000c1b00000, 0x00000000c1a00000| Untracked 
|  27|0x00000000c1b00000, 0x00000000c1c00000, 0x00000000c1c00000|100%| O|  |TAMS 0x00000000c1c00000, 0x00000000c1b00000| Untracked 
|  28|0x00000000c1c00000, 0x00000000c1d00000, 0x00000000c1d00000|100%| O|  |TAMS 0x00000000c1d00000, 0x00000000c1c00000| Untracked 
|  29|0x00000000c1d00000, 0x00000000c1e00000, 0x00000000c1e00000|100%| O|  |TAMS 0x00000000c1e00000, 0x00000000c1d00000| Untracked 
|  30|0x00000000c1e00000, 0x00000000c1f00000, 0x00000000c1f00000|100%| O|  |TAMS 0x00000000c1f00000, 0x00000000c1e00000| Untracked 
|  31|0x00000000c1f00000, 0x00000000c2000000, 0x00000000c2000000|100%| O|  |TAMS 0x00000000c2000000, 0x00000000c1f00000| Untracked 
|  32|0x00000000c2000000, 0x00000000c2100000, 0x00000000c2100000|100%| O|  |TAMS 0x00000000c2100000, 0x00000000c2000000| Untracked 
|  33|0x00000000c2100000, 0x00000000c2200000, 0x00000000c2200000|100%| O|  |TAMS 0x00000000c2200000, 0x00000000c2100000| Untracked 
|  34|0x00000000c2200000, 0x00000000c2300000, 0x00000000c2300000|100%| O|  |TAMS 0x00000000c2300000, 0x00000000c2200000| Untracked 
|  35|0x00000000c2300000, 0x00000000c2400000, 0x00000000c2400000|100%| O|  |TAMS 0x00000000c2400000, 0x00000000c2300000| Untracked 
|  36|0x00000000c2400000, 0x00000000c2500000, 0x00000000c2500000|100%| O|  |TAMS 0x00000000c2500000, 0x00000000c2400000| Untracked 
|  37|0x00000000c2500000, 0x00000000c2600000, 0x00000000c2600000|100%| O|  |TAMS 0x00000000c2600000, 0x00000000c2500000| Untracked 
|  38|0x00000000c2600000, 0x00000000c2700000, 0x00000000c2700000|100%| O|  |TAMS 0x00000000c2700000, 0x00000000c2600000| Untracked 
|  39|0x00000000c2700000, 0x00000000c2800000, 0x00000000c2800000|100%| O|  |TAMS 0x00000000c2800000, 0x00000000c2700000| Untracked 
|  40|0x00000000c2800000, 0x00000000c2900000, 0x00000000c2900000|100%| O|  |TAMS 0x00000000c2900000, 0x00000000c2800000| Untracked 
|  41|0x00000000c2900000, 0x00000000c2a00000, 0x00000000c2a00000|100%| O|  |TAMS 0x00000000c2a00000, 0x00000000c2900000| Untracked 
|  42|0x00000000c2a00000, 0x00000000c2b00000, 0x00000000c2b00000|100%| O|  |TAMS 0x00000000c2b00000, 0x00000000c2a00000| Untracked 
|  43|0x00000000c2b00000, 0x00000000c2c00000, 0x00000000c2c00000|100%| O|  |TAMS 0x00000000c2c00000, 0x00000000c2b00000| Untracked 
|  44|0x00000000c2c00000, 0x00000000c2d00000, 0x00000000c2d00000|100%| O|  |TAMS 0x00000000c2d00000, 0x00000000c2c00000| Untracked 
|  45|0x00000000c2d00000, 0x00000000c2e00000, 0x00000000c2e00000|100%| O|  |TAMS 0x00000000c2e00000, 0x00000000c2d00000| Untracked 
|  46|0x00000000c2e00000, 0x00000000c2f00000, 0x00000000c2f00000|100%| O|  |TAMS 0x00000000c2f00000, 0x00000000c2e00000| Untracked 
|  47|0x00000000c2f00000, 0x00000000c3000000, 0x00000000c3000000|100%| O|  |TAMS 0x00000000c3000000, 0x00000000c2f00000| Untracked 
|  48|0x00000000c3000000, 0x00000000c3100000, 0x00000000c3100000|100%| O|  |TAMS 0x00000000c3100000, 0x00000000c3000000| Untracked 
|  49|0x00000000c3100000, 0x00000000c3200000, 0x00000000c3200000|100%| O|  |TAMS 0x00000000c3200000, 0x00000000c3100000| Untracked 
|  50|0x00000000c3200000, 0x00000000c3300000, 0x00000000c3300000|100%| O|  |TAMS 0x00000000c3300000, 0x00000000c3200000| Untracked 
|  51|0x00000000c3300000, 0x00000000c3400000, 0x00000000c3400000|100%| O|  |TAMS 0x00000000c3400000, 0x00000000c3300000| Untracked 
|  52|0x00000000c3400000, 0x00000000c3500000, 0x00000000c3500000|100%| O|  |TAMS 0x00000000c3500000, 0x00000000c3400000| Untracked 
|  53|0x00000000c3500000, 0x00000000c3600000, 0x00000000c3600000|100%| O|  |TAMS 0x00000000c3600000, 0x00000000c3500000| Untracked 
|  54|0x00000000c3600000, 0x00000000c3700000, 0x00000000c3700000|100%| O|  |TAMS 0x00000000c3700000, 0x00000000c3600000| Untracked 
|  55|0x00000000c3700000, 0x00000000c3800000, 0x00000000c3800000|100%| O|  |TAMS 0x00000000c3800000, 0x00000000c3700000| Untracked 
|  56|0x00000000c3800000, 0x00000000c3900000, 0x00000000c3900000|100%| O|  |TAMS 0x00000000c3900000, 0x00000000c3800000| Untracked 
|  57|0x00000000c3900000, 0x00000000c3a00000, 0x00000000c3a00000|100%| O|  |TAMS 0x00000000c3a00000, 0x00000000c3900000| Untracked 
|  58|0x00000000c3a00000, 0x00000000c3b00000, 0x00000000c3b00000|100%| O|  |TAMS 0x00000000c3b00000, 0x00000000c3a00000| Untracked 
|  59|0x00000000c3b00000, 0x00000000c3c00000, 0x00000000c3c00000|100%| O|  |TAMS 0x00000000c3c00000, 0x00000000c3b00000| Untracked 
|  60|0x00000000c3c00000, 0x00000000c3d00000, 0x00000000c3d00000|100%| O|  |TAMS 0x00000000c3d00000, 0x00000000c3c00000| Untracked 
|  61|0x00000000c3d00000, 0x00000000c3e00000, 0x00000000c3e00000|100%| O|  |TAMS 0x00000000c3e00000, 0x00000000c3d00000| Untracked 
|  62|0x00000000c3e00000, 0x00000000c3f00000, 0x00000000c3f00000|100%| O|  |TAMS 0x00000000c3f00000, 0x00000000c3e00000| Untracked 
|  63|0x00000000c3f00000, 0x00000000c4000000, 0x00000000c4000000|100%| O|  |TAMS 0x00000000c4000000, 0x00000000c3f00000| Untracked 
|  64|0x00000000c4000000, 0x00000000c4100000, 0x00000000c4100000|100%| O|  |TAMS 0x00000000c4100000, 0x00000000c4000000| Untracked 
|  65|0x00000000c4100000, 0x00000000c4200000, 0x00000000c4200000|100%| O|  |TAMS 0x00000000c4200000, 0x00000000c4100000| Untracked 
|  66|0x00000000c4200000, 0x00000000c4300000, 0x00000000c4300000|100%| O|  |TAMS 0x00000000c4300000, 0x00000000c4200000| Untracked 
|  67|0x00000000c4300000, 0x00000000c4400000, 0x00000000c4400000|100%| O|  |TAMS 0x00000000c4400000, 0x00000000c4300000| Untracked 
|  68|0x00000000c4400000, 0x00000000c4500000, 0x00000000c4500000|100%| O|  |TAMS 0x00000000c4500000, 0x00000000c4400000| Untracked 
|  69|0x00000000c4500000, 0x00000000c4600000, 0x00000000c4600000|100%| O|  |TAMS 0x00000000c4600000, 0x00000000c4500000| Untracked 
|  70|0x00000000c4600000, 0x00000000c4700000, 0x00000000c4700000|100%| O|  |TAMS 0x00000000c4700000, 0x00000000c4600000| Untracked 
|  71|0x00000000c4700000, 0x00000000c4800000, 0x00000000c4800000|100%| O|  |TAMS 0x00000000c4800000, 0x00000000c4700000| Untracked 
|  72|0x00000000c4800000, 0x00000000c4900000, 0x00000000c4900000|100%| O|  |TAMS 0x00000000c4900000, 0x00000000c4800000| Untracked 
|  73|0x00000000c4900000, 0x00000000c4a00000, 0x00000000c4a00000|100%| O|  |TAMS 0x00000000c4a00000, 0x00000000c4900000| Untracked 
|  74|0x00000000c4a00000, 0x00000000c4b00000, 0x00000000c4b00000|100%| O|  |TAMS 0x00000000c4b00000, 0x00000000c4a00000| Untracked 
|  75|0x00000000c4b00000, 0x00000000c4c00000, 0x00000000c4c00000|100%| O|  |TAMS 0x00000000c4c00000, 0x00000000c4b00000| Untracked 
|  76|0x00000000c4c00000, 0x00000000c4d00000, 0x00000000c4d00000|100%| O|  |TAMS 0x00000000c4d00000, 0x00000000c4c00000| Untracked 
|  77|0x00000000c4d00000, 0x00000000c4e00000, 0x00000000c4e00000|100%| O|  |TAMS 0x00000000c4e00000, 0x00000000c4d00000| Untracked 
|  78|0x00000000c4e00000, 0x00000000c4f00000, 0x00000000c4f00000|100%| O|  |TAMS 0x00000000c4f00000, 0x00000000c4e00000| Untracked 
|  79|0x00000000c4f00000, 0x00000000c5000000, 0x00000000c5000000|100%| O|  |TAMS 0x00000000c5000000, 0x00000000c4f00000| Untracked 
|  80|0x00000000c5000000, 0x00000000c5100000, 0x00000000c5100000|100%| O|  |TAMS 0x00000000c5100000, 0x00000000c5000000| Untracked 
|  81|0x00000000c5100000, 0x00000000c5200000, 0x00000000c5200000|100%| O|  |TAMS 0x00000000c5200000, 0x00000000c5100000| Untracked 
|  82|0x00000000c5200000, 0x00000000c5300000, 0x00000000c5300000|100%|HS|  |TAMS 0x00000000c5300000, 0x00000000c5200000| Complete 
|  83|0x00000000c5300000, 0x00000000c5400000, 0x00000000c5400000|100%|HS|  |TAMS 0x00000000c5400000, 0x00000000c5300000| Complete 
|  84|0x00000000c5400000, 0x00000000c5500000, 0x00000000c5500000|100%|HS|  |TAMS 0x00000000c5500000, 0x00000000c5400000| Complete 
|  85|0x00000000c5500000, 0x00000000c5600000, 0x00000000c5600000|100%| O|  |TAMS 0x00000000c5600000, 0x00000000c5500000| Untracked 
|  86|0x00000000c5600000, 0x00000000c5700000, 0x00000000c5700000|100%| O|  |TAMS 0x00000000c5700000, 0x00000000c5600000| Untracked 
|  87|0x00000000c5700000, 0x00000000c5800000, 0x00000000c5800000|100%| O|  |TAMS 0x00000000c5800000, 0x00000000c5700000| Untracked 
|  88|0x00000000c5800000, 0x00000000c5900000, 0x00000000c5900000|100%| O|  |TAMS 0x00000000c5900000, 0x00000000c5800000| Untracked 
|  89|0x00000000c5900000, 0x00000000c5a00000, 0x00000000c5a00000|100%| O|  |TAMS 0x00000000c5a00000, 0x00000000c5900000| Untracked 
|  90|0x00000000c5a00000, 0x00000000c5b00000, 0x00000000c5b00000|100%| O|  |TAMS 0x00000000c5b00000, 0x00000000c5a00000| Untracked 
|  91|0x00000000c5b00000, 0x00000000c5c00000, 0x00000000c5c00000|100%| O|  |TAMS 0x00000000c5c00000, 0x00000000c5b00000| Untracked 
|  92|0x00000000c5c00000, 0x00000000c5d00000, 0x00000000c5d00000|100%| O|  |TAMS 0x00000000c5d00000, 0x00000000c5c00000| Untracked 
|  93|0x00000000c5d00000, 0x00000000c5e00000, 0x00000000c5e00000|100%| O|  |TAMS 0x00000000c5e00000, 0x00000000c5d00000| Untracked 
|  94|0x00000000c5e00000, 0x00000000c5f00000, 0x00000000c5f00000|100%| O|  |TAMS 0x00000000c5f00000, 0x00000000c5e00000| Untracked 
|  95|0x00000000c5f00000, 0x00000000c6000000, 0x00000000c6000000|100%| O|  |TAMS 0x00000000c6000000, 0x00000000c5f00000| Untracked 
|  96|0x00000000c6000000, 0x00000000c6100000, 0x00000000c6100000|100%| O|  |TAMS 0x00000000c6100000, 0x00000000c6000000| Untracked 
|  97|0x00000000c6100000, 0x00000000c6200000, 0x00000000c6200000|100%| O|  |TAMS 0x00000000c6200000, 0x00000000c6100000| Untracked 
|  98|0x00000000c6200000, 0x00000000c6300000, 0x00000000c6300000|100%| O|  |TAMS 0x00000000c6300000, 0x00000000c6200000| Untracked 
|  99|0x00000000c6300000, 0x00000000c6400000, 0x00000000c6400000|100%| O|  |TAMS 0x00000000c6400000, 0x00000000c6300000| Untracked 
| 100|0x00000000c6400000, 0x00000000c6500000, 0x00000000c6500000|100%| O|  |TAMS 0x00000000c6500000, 0x00000000c6400000| Untracked 
| 101|0x00000000c6500000, 0x00000000c6600000, 0x00000000c6600000|100%| O|  |TAMS 0x00000000c6600000, 0x00000000c6500000| Untracked 
| 102|0x00000000c6600000, 0x00000000c6700000, 0x00000000c6700000|100%| O|  |TAMS 0x00000000c6700000, 0x00000000c6600000| Untracked 
| 103|0x00000000c6700000, 0x00000000c6800000, 0x00000000c6800000|100%|HS|  |TAMS 0x00000000c6700000, 0x00000000c6700000| Complete 
| 104|0x00000000c6800000, 0x00000000c6900000, 0x00000000c6900000|100%| O|  |TAMS 0x00000000c6800000, 0x00000000c6800000| Untracked 
| 105|0x00000000c6900000, 0x00000000c6a00000, 0x00000000c6a00000|100%| O|  |TAMS 0x00000000c6900000, 0x00000000c6900000| Untracked 
| 106|0x00000000c6a00000, 0x00000000c6b00000, 0x00000000c6b00000|100%| O|  |TAMS 0x00000000c6a00000, 0x00000000c6a00000| Untracked 
| 107|0x00000000c6b00000, 0x00000000c6c00000, 0x00000000c6c00000|100%| O|  |TAMS 0x00000000c6b00000, 0x00000000c6b00000| Untracked 
| 108|0x00000000c6c00000, 0x00000000c6d00000, 0x00000000c6d00000|100%| O|  |TAMS 0x00000000c6c00000, 0x00000000c6c00000| Untracked 
| 109|0x00000000c6d00000, 0x00000000c6e00000, 0x00000000c6e00000|100%| O|  |TAMS 0x00000000c6d00000, 0x00000000c6d00000| Untracked 
| 110|0x00000000c6e00000, 0x00000000c6f00000, 0x00000000c6f00000|100%| O|  |TAMS 0x00000000c6e00000, 0x00000000c6e00000| Untracked 
| 111|0x00000000c6f00000, 0x00000000c7000000, 0x00000000c7000000|100%| O|  |TAMS 0x00000000c6f00000, 0x00000000c6f00000| Untracked 
| 112|0x00000000c7000000, 0x00000000c7100000, 0x00000000c7100000|100%| O|  |TAMS 0x00000000c7000000, 0x00000000c7000000| Untracked 
| 113|0x00000000c7100000, 0x00000000c7200000, 0x00000000c7200000|100%| O|  |TAMS 0x00000000c7100000, 0x00000000c7100000| Untracked 
| 114|0x00000000c7200000, 0x00000000c7300000, 0x00000000c7300000|100%| O|  |TAMS 0x00000000c7200000, 0x00000000c7200000| Untracked 
| 115|0x00000000c7300000, 0x00000000c7400000, 0x00000000c7400000|100%| O|  |TAMS 0x00000000c7300000, 0x00000000c7300000| Untracked 
| 116|0x00000000c7400000, 0x00000000c7500000, 0x00000000c7500000|100%| O|  |TAMS 0x00000000c7400000, 0x00000000c7400000| Untracked 
| 117|0x00000000c7500000, 0x00000000c7600000, 0x00000000c7600000|100%| O|  |TAMS 0x00000000c7500000, 0x00000000c7500000| Untracked 
| 118|0x00000000c7600000, 0x00000000c7700000, 0x00000000c7700000|100%| O|  |TAMS 0x00000000c7600000, 0x00000000c7600000| Untracked 
| 119|0x00000000c7700000, 0x00000000c7800000, 0x00000000c7800000|100%| O|  |TAMS 0x00000000c7700000, 0x00000000c7700000| Untracked 
| 120|0x00000000c7800000, 0x00000000c7900000, 0x00000000c7900000|100%| O|  |TAMS 0x00000000c7800000, 0x00000000c7800000| Untracked 
| 121|0x00000000c7900000, 0x00000000c7a00000, 0x00000000c7a00000|100%| O|  |TAMS 0x00000000c7900000, 0x00000000c7900000| Untracked 
| 122|0x00000000c7a00000, 0x00000000c7b00000, 0x00000000c7b00000|100%| O|  |TAMS 0x00000000c7a00000, 0x00000000c7a00000| Untracked 
| 123|0x00000000c7b00000, 0x00000000c7bc8e00, 0x00000000c7c00000| 78%| O|  |TAMS 0x00000000c7b00000, 0x00000000c7b00000| Untracked 
| 124|0x00000000c7c00000, 0x00000000c7c00000, 0x00000000c7d00000|  0%| F|  |TAMS 0x00000000c7c00000, 0x00000000c7c00000| Untracked 
| 125|0x00000000c7d00000, 0x00000000c7d00000, 0x00000000c7e00000|  0%| F|  |TAMS 0x00000000c7d00000, 0x00000000c7d00000| Untracked 
| 126|0x00000000c7e00000, 0x00000000c7e00000, 0x00000000c7f00000|  0%| F|  |TAMS 0x00000000c7e00000, 0x00000000c7e00000| Untracked 
| 127|0x00000000c7f00000, 0x00000000c7f00000, 0x00000000c8000000|  0%| F|  |TAMS 0x00000000c7f00000, 0x00000000c7f00000| Untracked 
| 128|0x00000000c8000000, 0x00000000c8000000, 0x00000000c8100000|  0%| F|  |TAMS 0x00000000c8000000, 0x00000000c8000000| Untracked 
| 129|0x00000000c8100000, 0x00000000c8100000, 0x00000000c8200000|  0%| F|  |TAMS 0x00000000c8100000, 0x00000000c8100000| Untracked 
| 130|0x00000000c8200000, 0x00000000c8200000, 0x00000000c8300000|  0%| F|  |TAMS 0x00000000c8200000, 0x00000000c8200000| Untracked 
| 131|0x00000000c8300000, 0x00000000c8300000, 0x00000000c8400000|  0%| F|  |TAMS 0x00000000c8300000, 0x00000000c8300000| Untracked 
| 132|0x00000000c8400000, 0x00000000c8400000, 0x00000000c8500000|  0%| F|  |TAMS 0x00000000c8400000, 0x00000000c8400000| Untracked 
| 133|0x00000000c8500000, 0x00000000c8500000, 0x00000000c8600000|  0%| F|  |TAMS 0x00000000c8500000, 0x00000000c8500000| Untracked 
| 134|0x00000000c8600000, 0x00000000c8600000, 0x00000000c8700000|  0%| F|  |TAMS 0x00000000c8600000, 0x00000000c8600000| Untracked 
| 135|0x00000000c8700000, 0x00000000c8700000, 0x00000000c8800000|  0%| F|  |TAMS 0x00000000c8700000, 0x00000000c8700000| Untracked 
| 136|0x00000000c8800000, 0x00000000c8800000, 0x00000000c8900000|  0%| F|  |TAMS 0x00000000c8800000, 0x00000000c8800000| Untracked 
| 137|0x00000000c8900000, 0x00000000c8900000, 0x00000000c8a00000|  0%| F|  |TAMS 0x00000000c8900000, 0x00000000c8900000| Untracked 
| 138|0x00000000c8a00000, 0x00000000c8a00000, 0x00000000c8b00000|  0%| F|  |TAMS 0x00000000c8a00000, 0x00000000c8a00000| Untracked 
| 139|0x00000000c8b00000, 0x00000000c8b00000, 0x00000000c8c00000|  0%| F|  |TAMS 0x00000000c8b00000, 0x00000000c8b00000| Untracked 
| 140|0x00000000c8c00000, 0x00000000c8c00000, 0x00000000c8d00000|  0%| F|  |TAMS 0x00000000c8c00000, 0x00000000c8c00000| Untracked 
| 141|0x00000000c8d00000, 0x00000000c8d00000, 0x00000000c8e00000|  0%| F|  |TAMS 0x00000000c8d00000, 0x00000000c8d00000| Untracked 
| 142|0x00000000c8e00000, 0x00000000c8e00000, 0x00000000c8f00000|  0%| F|  |TAMS 0x00000000c8e00000, 0x00000000c8e00000| Untracked 
| 143|0x00000000c8f00000, 0x00000000c8f00000, 0x00000000c9000000|  0%| F|  |TAMS 0x00000000c8f00000, 0x00000000c8f00000| Untracked 
| 144|0x00000000c9000000, 0x00000000c9000000, 0x00000000c9100000|  0%| F|  |TAMS 0x00000000c9000000, 0x00000000c9000000| Untracked 
| 145|0x00000000c9100000, 0x00000000c9100000, 0x00000000c9200000|  0%| F|  |TAMS 0x00000000c9100000, 0x00000000c9100000| Untracked 
| 146|0x00000000c9200000, 0x00000000c9200000, 0x00000000c9300000|  0%| F|  |TAMS 0x00000000c9200000, 0x00000000c9200000| Untracked 
| 147|0x00000000c9300000, 0x00000000c9300000, 0x00000000c9400000|  0%| F|  |TAMS 0x00000000c9300000, 0x00000000c9300000| Untracked 
| 148|0x00000000c9400000, 0x00000000c9400000, 0x00000000c9500000|  0%| F|  |TAMS 0x00000000c9400000, 0x00000000c9400000| Untracked 
| 149|0x00000000c9500000, 0x00000000c9500000, 0x00000000c9600000|  0%| F|  |TAMS 0x00000000c9500000, 0x00000000c9500000| Untracked 
| 150|0x00000000c9600000, 0x00000000c9600000, 0x00000000c9700000|  0%| F|  |TAMS 0x00000000c9600000, 0x00000000c9600000| Untracked 
| 151|0x00000000c9700000, 0x00000000c9700000, 0x00000000c9800000|  0%| F|  |TAMS 0x00000000c9700000, 0x00000000c9700000| Untracked 
| 152|0x00000000c9800000, 0x00000000c9800000, 0x00000000c9900000|  0%| F|  |TAMS 0x00000000c9800000, 0x00000000c9800000| Untracked 
| 153|0x00000000c9900000, 0x00000000c9900000, 0x00000000c9a00000|  0%| F|  |TAMS 0x00000000c9900000, 0x00000000c9900000| Untracked 
| 154|0x00000000c9a00000, 0x00000000c9a00000, 0x00000000c9b00000|  0%| F|  |TAMS 0x00000000c9a00000, 0x00000000c9a00000| Untracked 
| 155|0x00000000c9b00000, 0x00000000c9b00000, 0x00000000c9c00000|  0%| F|  |TAMS 0x00000000c9b00000, 0x00000000c9b00000| Untracked 
| 156|0x00000000c9c00000, 0x00000000c9c00000, 0x00000000c9d00000|  0%| F|  |TAMS 0x00000000c9c00000, 0x00000000c9c00000| Untracked 
| 157|0x00000000c9d00000, 0x00000000c9d00000, 0x00000000c9e00000|  0%| F|  |TAMS 0x00000000c9d00000, 0x00000000c9d00000| Untracked 
| 158|0x00000000c9e00000, 0x00000000c9e00000, 0x00000000c9f00000|  0%| F|  |TAMS 0x00000000c9e00000, 0x00000000c9e00000| Untracked 
| 159|0x00000000c9f00000, 0x00000000c9f00000, 0x00000000ca000000|  0%| F|  |TAMS 0x00000000c9f00000, 0x00000000c9f00000| Untracked 
| 160|0x00000000ca000000, 0x00000000ca000000, 0x00000000ca100000|  0%| F|  |TAMS 0x00000000ca000000, 0x00000000ca000000| Untracked 
| 161|0x00000000ca100000, 0x00000000ca100000, 0x00000000ca200000|  0%| F|  |TAMS 0x00000000ca100000, 0x00000000ca100000| Untracked 
| 162|0x00000000ca200000, 0x00000000ca200000, 0x00000000ca300000|  0%| F|  |TAMS 0x00000000ca200000, 0x00000000ca200000| Untracked 
| 163|0x00000000ca300000, 0x00000000ca300000, 0x00000000ca400000|  0%| F|  |TAMS 0x00000000ca300000, 0x00000000ca300000| Untracked 
| 164|0x00000000ca400000, 0x00000000ca400000, 0x00000000ca500000|  0%| F|  |TAMS 0x00000000ca400000, 0x00000000ca400000| Untracked 
| 165|0x00000000ca500000, 0x00000000ca500000, 0x00000000ca600000|  0%| F|  |TAMS 0x00000000ca500000, 0x00000000ca500000| Untracked 
| 166|0x00000000ca600000, 0x00000000ca600000, 0x00000000ca700000|  0%| F|  |TAMS 0x00000000ca600000, 0x00000000ca600000| Untracked 
| 167|0x00000000ca700000, 0x00000000ca700000, 0x00000000ca800000|  0%| F|  |TAMS 0x00000000ca700000, 0x00000000ca700000| Untracked 
| 168|0x00000000ca800000, 0x00000000ca800000, 0x00000000ca900000|  0%| F|  |TAMS 0x00000000ca800000, 0x00000000ca800000| Untracked 
| 169|0x00000000ca900000, 0x00000000ca900000, 0x00000000caa00000|  0%| F|  |TAMS 0x00000000ca900000, 0x00000000ca900000| Untracked 
| 170|0x00000000caa00000, 0x00000000caa00000, 0x00000000cab00000|  0%| F|  |TAMS 0x00000000caa00000, 0x00000000caa00000| Untracked 
| 171|0x00000000cab00000, 0x00000000cab00000, 0x00000000cac00000|  0%| F|  |TAMS 0x00000000cab00000, 0x00000000cab00000| Untracked 
| 172|0x00000000cac00000, 0x00000000cac00000, 0x00000000cad00000|  0%| F|  |TAMS 0x00000000cac00000, 0x00000000cac00000| Untracked 
| 173|0x00000000cad00000, 0x00000000cad00000, 0x00000000cae00000|  0%| F|  |TAMS 0x00000000cad00000, 0x00000000cad00000| Untracked 
| 174|0x00000000cae00000, 0x00000000cae00000, 0x00000000caf00000|  0%| F|  |TAMS 0x00000000cae00000, 0x00000000cae00000| Untracked 
| 175|0x00000000caf00000, 0x00000000caf00000, 0x00000000cb000000|  0%| F|  |TAMS 0x00000000caf00000, 0x00000000caf00000| Untracked 
| 176|0x00000000cb000000, 0x00000000cb000000, 0x00000000cb100000|  0%| F|  |TAMS 0x00000000cb000000, 0x00000000cb000000| Untracked 
| 177|0x00000000cb100000, 0x00000000cb100000, 0x00000000cb200000|  0%| F|  |TAMS 0x00000000cb100000, 0x00000000cb100000| Untracked 
| 178|0x00000000cb200000, 0x00000000cb200000, 0x00000000cb300000|  0%| F|  |TAMS 0x00000000cb200000, 0x00000000cb200000| Untracked 
| 179|0x00000000cb300000, 0x00000000cb300000, 0x00000000cb400000|  0%| F|  |TAMS 0x00000000cb300000, 0x00000000cb300000| Untracked 
| 180|0x00000000cb400000, 0x00000000cb400000, 0x00000000cb500000|  0%| F|  |TAMS 0x00000000cb400000, 0x00000000cb400000| Untracked 
| 181|0x00000000cb500000, 0x00000000cb500000, 0x00000000cb600000|  0%| F|  |TAMS 0x00000000cb500000, 0x00000000cb500000| Untracked 
| 182|0x00000000cb600000, 0x00000000cb600000, 0x00000000cb700000|  0%| F|  |TAMS 0x00000000cb600000, 0x00000000cb600000| Untracked 
| 183|0x00000000cb700000, 0x00000000cb700000, 0x00000000cb800000|  0%| F|  |TAMS 0x00000000cb700000, 0x00000000cb700000| Untracked 
| 184|0x00000000cb800000, 0x00000000cb800000, 0x00000000cb900000|  0%| F|  |TAMS 0x00000000cb800000, 0x00000000cb800000| Untracked 
| 185|0x00000000cb900000, 0x00000000cb900000, 0x00000000cba00000|  0%| F|  |TAMS 0x00000000cb900000, 0x00000000cb900000| Untracked 
| 186|0x00000000cba00000, 0x00000000cba00000, 0x00000000cbb00000|  0%| F|  |TAMS 0x00000000cba00000, 0x00000000cba00000| Untracked 
| 187|0x00000000cbb00000, 0x00000000cbb00000, 0x00000000cbc00000|  0%| F|  |TAMS 0x00000000cbb00000, 0x00000000cbb00000| Untracked 
| 188|0x00000000cbc00000, 0x00000000cbc00000, 0x00000000cbd00000|  0%| F|  |TAMS 0x00000000cbc00000, 0x00000000cbc00000| Untracked 
| 189|0x00000000cbd00000, 0x00000000cbd00000, 0x00000000cbe00000|  0%| F|  |TAMS 0x00000000cbd00000, 0x00000000cbd00000| Untracked 
| 190|0x00000000cbe00000, 0x00000000cbe00000, 0x00000000cbf00000|  0%| F|  |TAMS 0x00000000cbe00000, 0x00000000cbe00000| Untracked 
| 191|0x00000000cbf00000, 0x00000000cbf00000, 0x00000000cc000000|  0%| F|  |TAMS 0x00000000cbf00000, 0x00000000cbf00000| Untracked 
| 192|0x00000000cc000000, 0x00000000cc000000, 0x00000000cc100000|  0%| F|  |TAMS 0x00000000cc000000, 0x00000000cc000000| Untracked 
| 193|0x00000000cc100000, 0x00000000cc100000, 0x00000000cc200000|  0%| F|  |TAMS 0x00000000cc100000, 0x00000000cc100000| Untracked 
| 194|0x00000000cc200000, 0x00000000cc200000, 0x00000000cc300000|  0%| F|  |TAMS 0x00000000cc200000, 0x00000000cc200000| Untracked 
| 195|0x00000000cc300000, 0x00000000cc300000, 0x00000000cc400000|  0%| F|  |TAMS 0x00000000cc300000, 0x00000000cc300000| Untracked 
| 196|0x00000000cc400000, 0x00000000cc400000, 0x00000000cc500000|  0%| F|  |TAMS 0x00000000cc400000, 0x00000000cc400000| Untracked 
| 197|0x00000000cc500000, 0x00000000cc500000, 0x00000000cc600000|  0%| F|  |TAMS 0x00000000cc500000, 0x00000000cc500000| Untracked 
| 198|0x00000000cc600000, 0x00000000cc600000, 0x00000000cc700000|  0%| F|  |TAMS 0x00000000cc600000, 0x00000000cc600000| Untracked 
| 199|0x00000000cc700000, 0x00000000cc700000, 0x00000000cc800000|  0%| F|  |TAMS 0x00000000cc700000, 0x00000000cc700000| Untracked 
| 200|0x00000000cc800000, 0x00000000cc800000, 0x00000000cc900000|  0%| F|  |TAMS 0x00000000cc800000, 0x00000000cc800000| Untracked 
| 201|0x00000000cc900000, 0x00000000cc900000, 0x00000000cca00000|  0%| F|  |TAMS 0x00000000cc900000, 0x00000000cc900000| Untracked 
| 202|0x00000000cca00000, 0x00000000cca00000, 0x00000000ccb00000|  0%| F|  |TAMS 0x00000000cca00000, 0x00000000cca00000| Untracked 
| 203|0x00000000ccb00000, 0x00000000ccb00000, 0x00000000ccc00000|  0%| F|  |TAMS 0x00000000ccb00000, 0x00000000ccb00000| Untracked 
| 204|0x00000000ccc00000, 0x00000000ccc00000, 0x00000000ccd00000|  0%| F|  |TAMS 0x00000000ccc00000, 0x00000000ccc00000| Untracked 
| 205|0x00000000ccd00000, 0x00000000ccd00000, 0x00000000cce00000|  0%| F|  |TAMS 0x00000000ccd00000, 0x00000000ccd00000| Untracked 
| 206|0x00000000cce00000, 0x00000000cce00000, 0x00000000ccf00000|  0%| F|  |TAMS 0x00000000cce00000, 0x00000000cce00000| Untracked 
| 207|0x00000000ccf00000, 0x00000000ccf00000, 0x00000000cd000000|  0%| F|  |TAMS 0x00000000ccf00000, 0x00000000ccf00000| Untracked 
| 208|0x00000000cd000000, 0x00000000cd000000, 0x00000000cd100000|  0%| F|  |TAMS 0x00000000cd000000, 0x00000000cd000000| Untracked 
| 209|0x00000000cd100000, 0x00000000cd100000, 0x00000000cd200000|  0%| F|  |TAMS 0x00000000cd100000, 0x00000000cd100000| Untracked 
| 210|0x00000000cd200000, 0x00000000cd200000, 0x00000000cd300000|  0%| F|  |TAMS 0x00000000cd200000, 0x00000000cd200000| Untracked 
| 211|0x00000000cd300000, 0x00000000cd300000, 0x00000000cd400000|  0%| F|  |TAMS 0x00000000cd300000, 0x00000000cd300000| Untracked 
| 212|0x00000000cd400000, 0x00000000cd400000, 0x00000000cd500000|  0%| F|  |TAMS 0x00000000cd400000, 0x00000000cd400000| Untracked 
| 213|0x00000000cd500000, 0x00000000cd500000, 0x00000000cd600000|  0%| F|  |TAMS 0x00000000cd500000, 0x00000000cd500000| Untracked 
| 214|0x00000000cd600000, 0x00000000cd600000, 0x00000000cd700000|  0%| F|  |TAMS 0x00000000cd600000, 0x00000000cd600000| Untracked 
| 215|0x00000000cd700000, 0x00000000cd700000, 0x00000000cd800000|  0%| F|  |TAMS 0x00000000cd700000, 0x00000000cd700000| Untracked 
| 216|0x00000000cd800000, 0x00000000cd800000, 0x00000000cd900000|  0%| F|  |TAMS 0x00000000cd800000, 0x00000000cd800000| Untracked 
| 217|0x00000000cd900000, 0x00000000cd900000, 0x00000000cda00000|  0%| F|  |TAMS 0x00000000cd900000, 0x00000000cd900000| Untracked 
| 218|0x00000000cda00000, 0x00000000cda00000, 0x00000000cdb00000|  0%| F|  |TAMS 0x00000000cda00000, 0x00000000cda00000| Untracked 
| 219|0x00000000cdb00000, 0x00000000cdb00000, 0x00000000cdc00000|  0%| F|  |TAMS 0x00000000cdb00000, 0x00000000cdb00000| Untracked 
| 220|0x00000000cdc00000, 0x00000000cdc00000, 0x00000000cdd00000|  0%| F|  |TAMS 0x00000000cdc00000, 0x00000000cdc00000| Untracked 
| 221|0x00000000cdd00000, 0x00000000cdd00000, 0x00000000cde00000|  0%| F|  |TAMS 0x00000000cdd00000, 0x00000000cdd00000| Untracked 
| 222|0x00000000cde00000, 0x00000000cde00000, 0x00000000cdf00000|  0%| F|  |TAMS 0x00000000cde00000, 0x00000000cde00000| Untracked 
| 223|0x00000000cdf00000, 0x00000000cdf00000, 0x00000000ce000000|  0%| F|  |TAMS 0x00000000cdf00000, 0x00000000cdf00000| Untracked 
| 224|0x00000000ce000000, 0x00000000ce000000, 0x00000000ce100000|  0%| F|  |TAMS 0x00000000ce000000, 0x00000000ce000000| Untracked 
| 225|0x00000000ce100000, 0x00000000ce100000, 0x00000000ce200000|  0%| F|  |TAMS 0x00000000ce100000, 0x00000000ce100000| Untracked 
| 226|0x00000000ce200000, 0x00000000ce200000, 0x00000000ce300000|  0%| F|  |TAMS 0x00000000ce200000, 0x00000000ce200000| Untracked 
| 227|0x00000000ce300000, 0x00000000ce300000, 0x00000000ce400000|  0%| F|  |TAMS 0x00000000ce300000, 0x00000000ce300000| Untracked 
| 228|0x00000000ce400000, 0x00000000ce400000, 0x00000000ce500000|  0%| F|  |TAMS 0x00000000ce400000, 0x00000000ce400000| Untracked 
| 229|0x00000000ce500000, 0x00000000ce500000, 0x00000000ce600000|  0%| F|  |TAMS 0x00000000ce500000, 0x00000000ce500000| Untracked 
| 230|0x00000000ce600000, 0x00000000ce600000, 0x00000000ce700000|  0%| F|  |TAMS 0x00000000ce600000, 0x00000000ce600000| Untracked 
| 231|0x00000000ce700000, 0x00000000ce700000, 0x00000000ce800000|  0%| F|  |TAMS 0x00000000ce700000, 0x00000000ce700000| Untracked 
| 232|0x00000000ce800000, 0x00000000ce800000, 0x00000000ce900000|  0%| F|  |TAMS 0x00000000ce800000, 0x00000000ce800000| Untracked 
| 233|0x00000000ce900000, 0x00000000ce900000, 0x00000000cea00000|  0%| F|  |TAMS 0x00000000ce900000, 0x00000000ce900000| Untracked 
| 234|0x00000000cea00000, 0x00000000cea00000, 0x00000000ceb00000|  0%| F|  |TAMS 0x00000000cea00000, 0x00000000cea00000| Untracked 
| 235|0x00000000ceb00000, 0x00000000ceb00000, 0x00000000cec00000|  0%| F|  |TAMS 0x00000000ceb00000, 0x00000000ceb00000| Untracked 
| 236|0x00000000cec00000, 0x00000000cec00000, 0x00000000ced00000|  0%| F|  |TAMS 0x00000000cec00000, 0x00000000cec00000| Untracked 
| 237|0x00000000ced00000, 0x00000000ced00000, 0x00000000cee00000|  0%| F|  |TAMS 0x00000000ced00000, 0x00000000ced00000| Untracked 
| 238|0x00000000cee00000, 0x00000000cee00000, 0x00000000cef00000|  0%| F|  |TAMS 0x00000000cee00000, 0x00000000cee00000| Untracked 
| 239|0x00000000cef00000, 0x00000000cef00000, 0x00000000cf000000|  0%| F|  |TAMS 0x00000000cef00000, 0x00000000cef00000| Untracked 
| 240|0x00000000cf000000, 0x00000000cf000000, 0x00000000cf100000|  0%| F|  |TAMS 0x00000000cf000000, 0x00000000cf000000| Untracked 
| 241|0x00000000cf100000, 0x00000000cf100000, 0x00000000cf200000|  0%| F|  |TAMS 0x00000000cf100000, 0x00000000cf100000| Untracked 
| 242|0x00000000cf200000, 0x00000000cf200000, 0x00000000cf300000|  0%| F|  |TAMS 0x00000000cf200000, 0x00000000cf200000| Untracked 
| 243|0x00000000cf300000, 0x00000000cf300000, 0x00000000cf400000|  0%| F|  |TAMS 0x00000000cf300000, 0x00000000cf300000| Untracked 
| 244|0x00000000cf400000, 0x00000000cf400000, 0x00000000cf500000|  0%| F|  |TAMS 0x00000000cf400000, 0x00000000cf400000| Untracked 
| 245|0x00000000cf500000, 0x00000000cf500000, 0x00000000cf600000|  0%| F|  |TAMS 0x00000000cf500000, 0x00000000cf500000| Untracked 
| 246|0x00000000cf600000, 0x00000000cf600000, 0x00000000cf700000|  0%| F|  |TAMS 0x00000000cf600000, 0x00000000cf600000| Untracked 
| 247|0x00000000cf700000, 0x00000000cf700000, 0x00000000cf800000|  0%| F|  |TAMS 0x00000000cf700000, 0x00000000cf700000| Untracked 
| 248|0x00000000cf800000, 0x00000000cf800000, 0x00000000cf900000|  0%| F|  |TAMS 0x00000000cf800000, 0x00000000cf800000| Untracked 
| 249|0x00000000cf900000, 0x00000000cf900000, 0x00000000cfa00000|  0%| F|  |TAMS 0x00000000cf900000, 0x00000000cf900000| Untracked 
| 250|0x00000000cfa00000, 0x00000000cfa00000, 0x00000000cfb00000|  0%| F|  |TAMS 0x00000000cfa00000, 0x00000000cfa00000| Untracked 
| 251|0x00000000cfb00000, 0x00000000cfb00000, 0x00000000cfc00000|  0%| F|  |TAMS 0x00000000cfb00000, 0x00000000cfb00000| Untracked 
| 252|0x00000000cfc00000, 0x00000000cfc00000, 0x00000000cfd00000|  0%| F|  |TAMS 0x00000000cfc00000, 0x00000000cfc00000| Untracked 
| 253|0x00000000cfd00000, 0x00000000cfd00000, 0x00000000cfe00000|  0%| F|  |TAMS 0x00000000cfd00000, 0x00000000cfd00000| Untracked 
| 254|0x00000000cfe00000, 0x00000000cfe00000, 0x00000000cff00000|  0%| F|  |TAMS 0x00000000cfe00000, 0x00000000cfe00000| Untracked 
| 255|0x00000000cff00000, 0x00000000cff00000, 0x00000000d0000000|  0%| F|  |TAMS 0x00000000cff00000, 0x00000000cff00000| Untracked 
| 256|0x00000000d0000000, 0x00000000d0000000, 0x00000000d0100000|  0%| F|  |TAMS 0x00000000d0000000, 0x00000000d0000000| Untracked 
| 257|0x00000000d0100000, 0x00000000d0100000, 0x00000000d0200000|  0%| F|  |TAMS 0x00000000d0100000, 0x00000000d0100000| Untracked 
| 258|0x00000000d0200000, 0x00000000d0200000, 0x00000000d0300000|  0%| F|  |TAMS 0x00000000d0200000, 0x00000000d0200000| Untracked 
| 259|0x00000000d0300000, 0x00000000d0300000, 0x00000000d0400000|  0%| F|  |TAMS 0x00000000d0300000, 0x00000000d0300000| Untracked 
| 260|0x00000000d0400000, 0x00000000d0400000, 0x00000000d0500000|  0%| F|  |TAMS 0x00000000d0400000, 0x00000000d0400000| Untracked 
| 261|0x00000000d0500000, 0x00000000d0500000, 0x00000000d0600000|  0%| F|  |TAMS 0x00000000d0500000, 0x00000000d0500000| Untracked 
| 262|0x00000000d0600000, 0x00000000d0600000, 0x00000000d0700000|  0%| F|  |TAMS 0x00000000d0600000, 0x00000000d0600000| Untracked 
| 263|0x00000000d0700000, 0x00000000d0700000, 0x00000000d0800000|  0%| F|  |TAMS 0x00000000d0700000, 0x00000000d0700000| Untracked 
| 264|0x00000000d0800000, 0x00000000d0800000, 0x00000000d0900000|  0%| F|  |TAMS 0x00000000d0800000, 0x00000000d0800000| Untracked 
| 265|0x00000000d0900000, 0x00000000d0900000, 0x00000000d0a00000|  0%| F|  |TAMS 0x00000000d0900000, 0x00000000d0900000| Untracked 
| 266|0x00000000d0a00000, 0x00000000d0a00000, 0x00000000d0b00000|  0%| F|  |TAMS 0x00000000d0a00000, 0x00000000d0a00000| Untracked 
| 267|0x00000000d0b00000, 0x00000000d0b00000, 0x00000000d0c00000|  0%| F|  |TAMS 0x00000000d0b00000, 0x00000000d0b00000| Untracked 
| 268|0x00000000d0c00000, 0x00000000d0c00000, 0x00000000d0d00000|  0%| F|  |TAMS 0x00000000d0c00000, 0x00000000d0c00000| Untracked 
| 269|0x00000000d0d00000, 0x00000000d0d00000, 0x00000000d0e00000|  0%| F|  |TAMS 0x00000000d0d00000, 0x00000000d0d00000| Untracked 
| 270|0x00000000d0e00000, 0x00000000d0f00000, 0x00000000d0f00000|100%| S|CS|TAMS 0x00000000d0e00000, 0x00000000d0e00000| Complete 
| 271|0x00000000d0f00000, 0x00000000d1000000, 0x00000000d1000000|100%| S|CS|TAMS 0x00000000d0f00000, 0x00000000d0f00000| Complete 
| 272|0x00000000d1000000, 0x00000000d1100000, 0x00000000d1100000|100%| S|CS|TAMS 0x00000000d1000000, 0x00000000d1000000| Complete 
| 273|0x00000000d1100000, 0x00000000d1200000, 0x00000000d1200000|100%| S|CS|TAMS 0x00000000d1100000, 0x00000000d1100000| Complete 
| 274|0x00000000d1200000, 0x00000000d1300000, 0x00000000d1300000|100%| S|CS|TAMS 0x00000000d1200000, 0x00000000d1200000| Complete 
| 275|0x00000000d1300000, 0x00000000d1400000, 0x00000000d1400000|100%| S|CS|TAMS 0x00000000d1300000, 0x00000000d1300000| Complete 
| 276|0x00000000d1400000, 0x00000000d1500000, 0x00000000d1500000|100%| S|CS|TAMS 0x00000000d1400000, 0x00000000d1400000| Complete 
| 277|0x00000000d1500000, 0x00000000d1600000, 0x00000000d1600000|100%| S|CS|TAMS 0x00000000d1500000, 0x00000000d1500000| Complete 
| 278|0x00000000d1600000, 0x00000000d1700000, 0x00000000d1700000|100%| S|CS|TAMS 0x00000000d1600000, 0x00000000d1600000| Complete 
| 279|0x00000000d1700000, 0x00000000d1800000, 0x00000000d1800000|100%| S|CS|TAMS 0x00000000d1700000, 0x00000000d1700000| Complete 
| 280|0x00000000d1800000, 0x00000000d1900000, 0x00000000d1900000|100%| S|CS|TAMS 0x00000000d1800000, 0x00000000d1800000| Complete 
| 281|0x00000000d1900000, 0x00000000d1900000, 0x00000000d1a00000|  0%| F|  |TAMS 0x00000000d1900000, 0x00000000d1900000| Untracked 
| 282|0x00000000d1a00000, 0x00000000d1a00000, 0x00000000d1b00000|  0%| F|  |TAMS 0x00000000d1a00000, 0x00000000d1a00000| Untracked 
| 283|0x00000000d1b00000, 0x00000000d1b00000, 0x00000000d1c00000|  0%| F|  |TAMS 0x00000000d1b00000, 0x00000000d1b00000| Untracked 
| 284|0x00000000d1c00000, 0x00000000d1c00000, 0x00000000d1d00000|  0%| F|  |TAMS 0x00000000d1c00000, 0x00000000d1c00000| Untracked 
| 285|0x00000000d1d00000, 0x00000000d1d00000, 0x00000000d1e00000|  0%| F|  |TAMS 0x00000000d1d00000, 0x00000000d1d00000| Untracked 
| 286|0x00000000d1e00000, 0x00000000d1e00000, 0x00000000d1f00000|  0%| F|  |TAMS 0x00000000d1e00000, 0x00000000d1e00000| Untracked 
| 287|0x00000000d1f00000, 0x00000000d1f00000, 0x00000000d2000000|  0%| F|  |TAMS 0x00000000d1f00000, 0x00000000d1f00000| Untracked 
| 288|0x00000000d2000000, 0x00000000d2000000, 0x00000000d2100000|  0%| F|  |TAMS 0x00000000d2000000, 0x00000000d2000000| Untracked 
| 289|0x00000000d2100000, 0x00000000d2100000, 0x00000000d2200000|  0%| F|  |TAMS 0x00000000d2100000, 0x00000000d2100000| Untracked 
| 290|0x00000000d2200000, 0x00000000d2200000, 0x00000000d2300000|  0%| F|  |TAMS 0x00000000d2200000, 0x00000000d2200000| Untracked 
| 291|0x00000000d2300000, 0x00000000d2300000, 0x00000000d2400000|  0%| F|  |TAMS 0x00000000d2300000, 0x00000000d2300000| Untracked 
| 292|0x00000000d2400000, 0x00000000d2400000, 0x00000000d2500000|  0%| F|  |TAMS 0x00000000d2400000, 0x00000000d2400000| Untracked 
| 293|0x00000000d2500000, 0x00000000d2500000, 0x00000000d2600000|  0%| F|  |TAMS 0x00000000d2500000, 0x00000000d2500000| Untracked 
| 294|0x00000000d2600000, 0x00000000d2600000, 0x00000000d2700000|  0%| F|  |TAMS 0x00000000d2600000, 0x00000000d2600000| Untracked 
| 295|0x00000000d2700000, 0x00000000d2700000, 0x00000000d2800000|  0%| F|  |TAMS 0x00000000d2700000, 0x00000000d2700000| Untracked 
| 296|0x00000000d2800000, 0x00000000d2800000, 0x00000000d2900000|  0%| F|  |TAMS 0x00000000d2800000, 0x00000000d2800000| Untracked 
| 297|0x00000000d2900000, 0x00000000d2900000, 0x00000000d2a00000|  0%| F|  |TAMS 0x00000000d2900000, 0x00000000d2900000| Untracked 
| 298|0x00000000d2a00000, 0x00000000d2a00000, 0x00000000d2b00000|  0%| F|  |TAMS 0x00000000d2a00000, 0x00000000d2a00000| Untracked 
| 299|0x00000000d2b00000, 0x00000000d2b00000, 0x00000000d2c00000|  0%| F|  |TAMS 0x00000000d2b00000, 0x00000000d2b00000| Untracked 
| 300|0x00000000d2c00000, 0x00000000d2c00000, 0x00000000d2d00000|  0%| F|  |TAMS 0x00000000d2c00000, 0x00000000d2c00000| Untracked 
| 301|0x00000000d2d00000, 0x00000000d2d00000, 0x00000000d2e00000|  0%| F|  |TAMS 0x00000000d2d00000, 0x00000000d2d00000| Untracked 
| 302|0x00000000d2e00000, 0x00000000d2e00000, 0x00000000d2f00000|  0%| F|  |TAMS 0x00000000d2e00000, 0x00000000d2e00000| Untracked 
| 303|0x00000000d2f00000, 0x00000000d2f00000, 0x00000000d3000000|  0%| F|  |TAMS 0x00000000d2f00000, 0x00000000d2f00000| Untracked 
| 304|0x00000000d3000000, 0x00000000d3000000, 0x00000000d3100000|  0%| F|  |TAMS 0x00000000d3000000, 0x00000000d3000000| Untracked 
| 305|0x00000000d3100000, 0x00000000d3100000, 0x00000000d3200000|  0%| F|  |TAMS 0x00000000d3100000, 0x00000000d3100000| Untracked 
| 306|0x00000000d3200000, 0x00000000d3280800, 0x00000000d3300000| 50%| E|  |TAMS 0x00000000d3200000, 0x00000000d3200000| Complete 
| 307|0x00000000d3300000, 0x00000000d3400000, 0x00000000d3400000|100%| E|CS|TAMS 0x00000000d3300000, 0x00000000d3300000| Complete 
| 308|0x00000000d3400000, 0x00000000d3500000, 0x00000000d3500000|100%| E|CS|TAMS 0x00000000d3400000, 0x00000000d3400000| Complete 
| 309|0x00000000d3500000, 0x00000000d3600000, 0x00000000d3600000|100%| E|CS|TAMS 0x00000000d3500000, 0x00000000d3500000| Complete 
| 310|0x00000000d3600000, 0x00000000d3700000, 0x00000000d3700000|100%| E|CS|TAMS 0x00000000d3600000, 0x00000000d3600000| Complete 
| 311|0x00000000d3700000, 0x00000000d3800000, 0x00000000d3800000|100%| E|CS|TAMS 0x00000000d3700000, 0x00000000d3700000| Complete 
| 312|0x00000000d3800000, 0x00000000d3900000, 0x00000000d3900000|100%| E|CS|TAMS 0x00000000d3800000, 0x00000000d3800000| Complete 
| 313|0x00000000d3900000, 0x00000000d3a00000, 0x00000000d3a00000|100%| E|CS|TAMS 0x00000000d3900000, 0x00000000d3900000| Complete 
| 314|0x00000000d3a00000, 0x00000000d3b00000, 0x00000000d3b00000|100%| E|CS|TAMS 0x00000000d3a00000, 0x00000000d3a00000| Complete 
| 315|0x00000000d3b00000, 0x00000000d3c00000, 0x00000000d3c00000|100%| E|CS|TAMS 0x00000000d3b00000, 0x00000000d3b00000| Complete 
| 316|0x00000000d3c00000, 0x00000000d3d00000, 0x00000000d3d00000|100%| E|CS|TAMS 0x00000000d3c00000, 0x00000000d3c00000| Complete 
| 317|0x00000000d3d00000, 0x00000000d3e00000, 0x00000000d3e00000|100%| E|CS|TAMS 0x00000000d3d00000, 0x00000000d3d00000| Complete 
| 318|0x00000000d3e00000, 0x00000000d3f00000, 0x00000000d3f00000|100%| E|CS|TAMS 0x00000000d3e00000, 0x00000000d3e00000| Complete 
| 319|0x00000000d3f00000, 0x00000000d4000000, 0x00000000d4000000|100%| E|CS|TAMS 0x00000000d3f00000, 0x00000000d3f00000| Complete 
| 320|0x00000000d4000000, 0x00000000d4100000, 0x00000000d4100000|100%| E|CS|TAMS 0x00000000d4000000, 0x00000000d4000000| Complete 
| 321|0x00000000d4100000, 0x00000000d4200000, 0x00000000d4200000|100%| E|CS|TAMS 0x00000000d4100000, 0x00000000d4100000| Complete 
| 322|0x00000000d4200000, 0x00000000d4300000, 0x00000000d4300000|100%| E|CS|TAMS 0x00000000d4200000, 0x00000000d4200000| Complete 
| 323|0x00000000d4300000, 0x00000000d4400000, 0x00000000d4400000|100%| E|CS|TAMS 0x00000000d4300000, 0x00000000d4300000| Complete 
| 324|0x00000000d4400000, 0x00000000d4500000, 0x00000000d4500000|100%| E|CS|TAMS 0x00000000d4400000, 0x00000000d4400000| Complete 
| 325|0x00000000d4500000, 0x00000000d4600000, 0x00000000d4600000|100%| E|CS|TAMS 0x00000000d4500000, 0x00000000d4500000| Complete 
| 326|0x00000000d4600000, 0x00000000d4700000, 0x00000000d4700000|100%| E|CS|TAMS 0x00000000d4600000, 0x00000000d4600000| Complete 
| 327|0x00000000d4700000, 0x00000000d4800000, 0x00000000d4800000|100%| E|CS|TAMS 0x00000000d4700000, 0x00000000d4700000| Complete 
| 328|0x00000000d4800000, 0x00000000d4900000, 0x00000000d4900000|100%| E|CS|TAMS 0x00000000d4800000, 0x00000000d4800000| Complete 
| 329|0x00000000d4900000, 0x00000000d4a00000, 0x00000000d4a00000|100%| E|CS|TAMS 0x00000000d4900000, 0x00000000d4900000| Complete 
| 330|0x00000000d4a00000, 0x00000000d4b00000, 0x00000000d4b00000|100%| E|CS|TAMS 0x00000000d4a00000, 0x00000000d4a00000| Complete 
| 331|0x00000000d4b00000, 0x00000000d4c00000, 0x00000000d4c00000|100%| E|CS|TAMS 0x00000000d4b00000, 0x00000000d4b00000| Complete 
| 332|0x00000000d4c00000, 0x00000000d4d00000, 0x00000000d4d00000|100%| E|CS|TAMS 0x00000000d4c00000, 0x00000000d4c00000| Complete 
| 333|0x00000000d4d00000, 0x00000000d4e00000, 0x00000000d4e00000|100%| E|CS|TAMS 0x00000000d4d00000, 0x00000000d4d00000| Complete 
| 334|0x00000000d4e00000, 0x00000000d4f00000, 0x00000000d4f00000|100%| E|CS|TAMS 0x00000000d4e00000, 0x00000000d4e00000| Complete 
| 335|0x00000000d4f00000, 0x00000000d5000000, 0x00000000d5000000|100%| E|CS|TAMS 0x00000000d4f00000, 0x00000000d4f00000| Complete 
| 336|0x00000000d5000000, 0x00000000d5100000, 0x00000000d5100000|100%| E|CS|TAMS 0x00000000d5000000, 0x00000000d5000000| Complete 
| 337|0x00000000d5100000, 0x00000000d5200000, 0x00000000d5200000|100%| E|CS|TAMS 0x00000000d5100000, 0x00000000d5100000| Complete 
| 338|0x00000000d5200000, 0x00000000d5300000, 0x00000000d5300000|100%| E|CS|TAMS 0x00000000d5200000, 0x00000000d5200000| Complete 
| 339|0x00000000d5300000, 0x00000000d5400000, 0x00000000d5400000|100%| E|CS|TAMS 0x00000000d5300000, 0x00000000d5300000| Complete 
| 340|0x00000000d5400000, 0x00000000d5500000, 0x00000000d5500000|100%| E|CS|TAMS 0x00000000d5400000, 0x00000000d5400000| Complete 
| 341|0x00000000d5500000, 0x00000000d5600000, 0x00000000d5600000|100%| E|CS|TAMS 0x00000000d5500000, 0x00000000d5500000| Complete 
| 342|0x00000000d5600000, 0x00000000d5700000, 0x00000000d5700000|100%| E|CS|TAMS 0x00000000d5600000, 0x00000000d5600000| Complete 
| 343|0x00000000d5700000, 0x00000000d5800000, 0x00000000d5800000|100%| E|CS|TAMS 0x00000000d5700000, 0x00000000d5700000| Complete 
| 344|0x00000000d5800000, 0x00000000d5900000, 0x00000000d5900000|100%| E|CS|TAMS 0x00000000d5800000, 0x00000000d5800000| Complete 
| 345|0x00000000d5900000, 0x00000000d5a00000, 0x00000000d5a00000|100%| E|CS|TAMS 0x00000000d5900000, 0x00000000d5900000| Complete 
| 346|0x00000000d5a00000, 0x00000000d5b00000, 0x00000000d5b00000|100%| E|CS|TAMS 0x00000000d5a00000, 0x00000000d5a00000| Complete 
| 347|0x00000000d5b00000, 0x00000000d5c00000, 0x00000000d5c00000|100%| E|CS|TAMS 0x00000000d5b00000, 0x00000000d5b00000| Complete 
| 348|0x00000000d5c00000, 0x00000000d5d00000, 0x00000000d5d00000|100%| E|CS|TAMS 0x00000000d5c00000, 0x00000000d5c00000| Complete 
| 349|0x00000000d5d00000, 0x00000000d5e00000, 0x00000000d5e00000|100%| E|CS|TAMS 0x00000000d5d00000, 0x00000000d5d00000| Complete 
| 350|0x00000000d5e00000, 0x00000000d5f00000, 0x00000000d5f00000|100%| E|CS|TAMS 0x00000000d5e00000, 0x00000000d5e00000| Complete 
| 351|0x00000000d5f00000, 0x00000000d6000000, 0x00000000d6000000|100%| E|CS|TAMS 0x00000000d5f00000, 0x00000000d5f00000| Complete 
| 352|0x00000000d6000000, 0x00000000d6100000, 0x00000000d6100000|100%| E|CS|TAMS 0x00000000d6000000, 0x00000000d6000000| Complete 
| 353|0x00000000d6100000, 0x00000000d6200000, 0x00000000d6200000|100%| E|CS|TAMS 0x00000000d6100000, 0x00000000d6100000| Complete 
| 354|0x00000000d6200000, 0x00000000d6300000, 0x00000000d6300000|100%| E|CS|TAMS 0x00000000d6200000, 0x00000000d6200000| Complete 
| 355|0x00000000d6300000, 0x00000000d6400000, 0x00000000d6400000|100%| E|CS|TAMS 0x00000000d6300000, 0x00000000d6300000| Complete 
| 356|0x00000000d6400000, 0x00000000d6500000, 0x00000000d6500000|100%| E|CS|TAMS 0x00000000d6400000, 0x00000000d6400000| Complete 
| 357|0x00000000d6500000, 0x00000000d6600000, 0x00000000d6600000|100%| E|CS|TAMS 0x00000000d6500000, 0x00000000d6500000| Complete 
| 358|0x00000000d6600000, 0x00000000d6700000, 0x00000000d6700000|100%| E|CS|TAMS 0x00000000d6600000, 0x00000000d6600000| Complete 
| 359|0x00000000d6700000, 0x00000000d6800000, 0x00000000d6800000|100%| E|CS|TAMS 0x00000000d6700000, 0x00000000d6700000| Complete 
| 360|0x00000000d6800000, 0x00000000d6900000, 0x00000000d6900000|100%| E|CS|TAMS 0x00000000d6800000, 0x00000000d6800000| Complete 
| 361|0x00000000d6900000, 0x00000000d6a00000, 0x00000000d6a00000|100%| E|CS|TAMS 0x00000000d6900000, 0x00000000d6900000| Complete 

Card table byte_map: [0x0000022bfac60000,0x0000022bfae60000] _byte_map_base: 0x0000022bfa660000

Marking Bits (Prev, Next): (CMBitMap*) 0x0000022bfa9b8878, (CMBitMap*) 0x0000022bfa9b88b0
 Prev Bits: [0x0000022bfb060000, 0x0000022bfc060000)
 Next Bits: [0x0000022bfc060000, 0x0000022bfd060000)

Polling page: 0x0000022bf8780000

Metaspace:

Usage:
  Non-class:     13.44 MB capacity,    13.28 MB ( 99%) used,   141.78 KB (  1%) free+waste,    24.50 KB ( <1%) overhead. 
      Class:      1.57 MB capacity,     1.48 MB ( 94%) used,    86.31 KB (  5%) free+waste,    10.38 KB ( <1%) overhead. 
       Both:     15.02 MB capacity,    14.76 MB ( 98%) used,   228.09 KB (  1%) free+waste,    34.88 KB ( <1%) overhead. 

Virtual space:
  Non-class space:       14.00 MB reserved,      13.50 MB ( 96%) committed 
      Class space:        1.00 GB reserved,       1.63 MB ( <1%) committed 
             Both:        1.01 GB reserved,      15.13 MB (  1%) committed 

Chunk freelists:
   Non-Class:  58.00 KB
       Class:  21.00 KB
        Both:  79.00 KB

MaxMetaspaceSize: 17179869184.00 GB
CompressedClassSpaceSize: 1.00 GB
Initial GC threshold: 20.80 MB
Current GC threshold: 22.71 MB
CDS: off

CodeHeap 'non-profiled nmethods': size=120064Kb used=2155Kb max_used=2155Kb free=117908Kb
 bounds [0x0000022b90140000, 0x0000022b903b0000, 0x0000022b97680000]
CodeHeap 'profiled nmethods': size=120000Kb used=4899Kb max_used=4899Kb free=115100Kb
 bounds [0x0000022b88c10000, 0x0000022b890e0000, 0x0000022b90140000]
CodeHeap 'non-nmethods': size=5696Kb used=1137Kb max_used=1195Kb free=4558Kb
 bounds [0x0000022b88680000, 0x0000022b888f0000, 0x0000022b88c10000]
 total_blobs=2648 nmethods=2257 adapters=304
 compilation: enabled
              stopped_count=0, restarted_count=0
 full_count=0

Compilation events (20 events):
Event: 6.556 Thread 0x0000022bff55d800 nmethod 2259 0x0000022b90343e90 code [0x0000022b90344020, 0x0000022b90344158]
Event: 6.556 Thread 0x0000022bff55d800 2267       4       com.android.tools.r8.graph.y2::a (90 bytes)
Event: 6.583 Thread 0x0000022bff55d800 nmethod 2267 0x0000022b90344210 code [0x0000022b90344460, 0x0000022b90345220]
Event: 6.584 Thread 0x0000022bff55d800 2289 %     4       com.android.tools.r8.internal.Pa::a @ 2683 (6176 bytes)
Event: 6.634 Thread 0x0000022bff562800 2291       2       com.android.tools.r8.internal.cb::a (18 bytes)
Event: 6.634 Thread 0x0000022bff562800 nmethod 2291 0x0000022b890d8c10 code [0x0000022b890d8dc0, 0x0000022b890d8f08]
Event: 6.853 Thread 0x0000022b98194800 nmethod 2281% 0x0000022b90345c10 code [0x0000022b903464e0, 0x0000022b9034fac8]
Event: 6.853 Thread 0x0000022b98194800 2283       4       com.android.tools.r8.internal.A7::C (5 bytes)
Event: 6.854 Thread 0x0000022b98194800 nmethod 2283 0x0000022b90356990 code [0x0000022b90356b20, 0x0000022b90356b98]
Event: 6.854 Thread 0x0000022b98194800 2285       4       com.android.tools.r8.internal.d7::<init> (41 bytes)
Event: 6.855 Thread 0x0000022b98194800 nmethod 2285 0x0000022b90356c90 code [0x0000022b90356e20, 0x0000022b90356f58]
Event: 6.855 Thread 0x0000022b98194800 2276       4       com.android.tools.r8.graph.o0::h (62 bytes)
Event: 6.860 Thread 0x0000022b98194800 nmethod 2276 0x0000022b90357010 code [0x0000022b903571c0, 0x0000022b90357698]
Event: 6.860 Thread 0x0000022b98194800 2278       4       com.android.tools.r8.internal.g7::<init> (48 bytes)
Event: 6.862 Thread 0x0000022b98194800 nmethod 2278 0x0000022b90357990 code [0x0000022b90357b20, 0x0000022b90357d18]
Event: 6.862 Thread 0x0000022b98194800 2279       4       com.android.tools.r8.graph.y2::a (175 bytes)
Event: 6.916 Thread 0x0000022b98194800 nmethod 2279 0x0000022b90357d90 code [0x0000022b90358020, 0x0000022b90359c30]
Event: 6.916 Thread 0x0000022b98194800 2250       4       java.util.Collections$UnmodifiableCollection::<init> (22 bytes)
Event: 6.918 Thread 0x0000022b98194800 nmethod 2250 0x0000022b9035ab10 code [0x0000022b9035aca0, 0x0000022b9035add8]
Event: 6.918 Thread 0x0000022b98194800 2242       4       com.android.tools.r8.graph.y2::a (2719 bytes)

GC Heap History (20 events):
Event: 2.693 GC heap before
{Heap before GC invocations=8 (full 0):
 garbage-first heap   total 131072K, used 86884K [0x00000000c0000000, 0x0000000100000000)
  region size 1024K, 46 young (47104K), 6 survivors (6144K)
 Metaspace       used 13338K, capacity 13490K, committed 13696K, reserved 1060864K
  class space    used 1278K, capacity 1351K, committed 1408K, reserved 1048576K
}
Event: 2.707 GC heap after
{Heap after GC invocations=9 (full 0):
 garbage-first heap   total 131072K, used 56832K [0x00000000c0000000, 0x0000000100000000)
  region size 1024K, 6 young (6144K), 6 survivors (6144K)
 Metaspace       used 13338K, capacity 13490K, committed 13696K, reserved 1060864K
  class space    used 1278K, capacity 1351K, committed 1408K, reserved 1048576K
}
Event: 2.841 GC heap before
{Heap before GC invocations=9 (full 0):
 garbage-first heap   total 131072K, used 69120K [0x00000000c0000000, 0x0000000100000000)
  region size 1024K, 19 young (19456K), 6 survivors (6144K)
 Metaspace       used 13457K, capacity 13666K, committed 13696K, reserved 1060864K
  class space    used 1293K, capacity 1389K, committed 1408K, reserved 1048576K
}
Event: 2.856 GC heap after
{Heap after GC invocations=10 (full 0):
 garbage-first heap   total 131072K, used 60928K [0x00000000c0000000, 0x0000000100000000)
  region size 1024K, 3 young (3072K), 3 survivors (3072K)
 Metaspace       used 13457K, capacity 13666K, committed 13696K, reserved 1060864K
  class space    used 1293K, capacity 1389K, committed 1408K, reserved 1048576K
}
Event: 3.081 GC heap before
{Heap before GC invocations=10 (full 0):
 garbage-first heap   total 131072K, used 88576K [0x00000000c0000000, 0x0000000100000000)
  region size 1024K, 30 young (30720K), 3 survivors (3072K)
 Metaspace       used 13551K, capacity 13743K, committed 13952K, reserved 1062912K
  class space    used 1298K, capacity 1392K, committed 1408K, reserved 1048576K
}
Event: 3.096 GC heap after
{Heap after GC invocations=11 (full 0):
 garbage-first heap   total 131072K, used 67060K [0x00000000c0000000, 0x0000000100000000)
  region size 1024K, 4 young (4096K), 4 survivors (4096K)
 Metaspace       used 13551K, capacity 13743K, committed 13952K, reserved 1062912K
  class space    used 1298K, capacity 1392K, committed 1408K, reserved 1048576K
}
Event: 3.247 GC heap before
{Heap before GC invocations=11 (full 0):
 garbage-first heap   total 131072K, used 92660K [0x00000000c0000000, 0x0000000100000000)
  region size 1024K, 29 young (29696K), 4 survivors (4096K)
 Metaspace       used 13574K, capacity 13745K, committed 13952K, reserved 1062912K
  class space    used 1300K, capacity 1392K, committed 1408K, reserved 1048576K
}
Event: 3.264 GC heap after
{Heap after GC invocations=12 (full 0):
 garbage-first heap   total 131072K, used 73054K [0x00000000c0000000, 0x0000000100000000)
  region size 1024K, 4 young (4096K), 4 survivors (4096K)
 Metaspace       used 13574K, capacity 13745K, committed 13952K, reserved 1062912K
  class space    used 1300K, capacity 1392K, committed 1408K, reserved 1048576K
}
Event: 3.414 GC heap before
{Heap before GC invocations=13 (full 0):
 garbage-first heap   total 131072K, used 97630K [0x00000000c0000000, 0x0000000100000000)
  region size 1024K, 28 young (28672K), 4 survivors (4096K)
 Metaspace       used 13550K, capacity 13707K, committed 13952K, reserved 1062912K
  class space    used 1292K, capacity 1376K, committed 1408K, reserved 1048576K
}
Event: 3.435 GC heap after
{Heap after GC invocations=14 (full 0):
 garbage-first heap   total 200704K, used 79199K [0x00000000c0000000, 0x0000000100000000)
  region size 1024K, 4 young (4096K), 4 survivors (4096K)
 Metaspace       used 13550K, capacity 13707K, committed 13952K, reserved 1062912K
  class space    used 1292K, capacity 1376K, committed 1408K, reserved 1048576K
}
Event: 4.233 GC heap before
{Heap before GC invocations=14 (full 0):
 garbage-first heap   total 200704K, used 122207K [0x00000000c0000000, 0x0000000100000000)
  region size 1024K, 46 young (47104K), 4 survivors (4096K)
 Metaspace       used 13552K, capacity 13710K, committed 13952K, reserved 1062912K
  class space    used 1292K, capacity 1376K, committed 1408K, reserved 1048576K
}
Event: 4.318 GC heap after
{Heap after GC invocations=15 (full 0):
 garbage-first heap   total 200704K, used 89884K [0x00000000c0000000, 0x0000000100000000)
  region size 1024K, 6 young (6144K), 6 survivors (6144K)
 Metaspace       used 13552K, capacity 13710K, committed 13952K, reserved 1062912K
  class space    used 1292K, capacity 1376K, committed 1408K, reserved 1048576K
}
Event: 4.548 GC heap before
{Heap before GC invocations=15 (full 0):
 garbage-first heap   total 200704K, used 134940K [0x00000000c0000000, 0x0000000100000000)
  region size 1024K, 47 young (48128K), 6 survivors (6144K)
 Metaspace       used 13552K, capacity 13710K, committed 13952K, reserved 1062912K
  class space    used 1292K, capacity 1376K, committed 1408K, reserved 1048576K
}
Event: 4.579 GC heap after
{Heap after GC invocations=16 (full 0):
 garbage-first heap   total 200704K, used 103090K [0x00000000c0000000, 0x0000000100000000)
  region size 1024K, 6 young (6144K), 6 survivors (6144K)
 Metaspace       used 13552K, capacity 13710K, committed 13952K, reserved 1062912K
  class space    used 1292K, capacity 1376K, committed 1408K, reserved 1048576K
}
Event: 4.715 GC heap before
{Heap before GC invocations=16 (full 0):
 garbage-first heap   total 200704K, used 142002K [0x00000000c0000000, 0x0000000100000000)
  region size 1024K, 44 young (45056K), 6 survivors (6144K)
 Metaspace       used 13552K, capacity 13710K, committed 13952K, reserved 1062912K
  class space    used 1292K, capacity 1376K, committed 1408K, reserved 1048576K
}
Event: 4.740 GC heap after
{Heap after GC invocations=17 (full 0):
 garbage-first heap   total 200704K, used 111616K [0x00000000c0000000, 0x0000000100000000)
  region size 1024K, 6 young (6144K), 6 survivors (6144K)
 Metaspace       used 13552K, capacity 13710K, committed 13952K, reserved 1062912K
  class space    used 1292K, capacity 1376K, committed 1408K, reserved 1048576K
}
Event: 5.070 GC heap before
{Heap before GC invocations=18 (full 0):
 garbage-first heap   total 200704K, used 149504K [0x00000000c0000000, 0x0000000100000000)
  region size 1024K, 42 young (43008K), 6 survivors (6144K)
 Metaspace       used 13551K, capacity 13708K, committed 13952K, reserved 1062912K
  class space    used 1291K, capacity 1375K, committed 1408K, reserved 1048576K
}
Event: 5.097 GC heap after
{Heap after GC invocations=19 (full 0):
 garbage-first heap   total 370688K, used 121241K [0x00000000c0000000, 0x0000000100000000)
  region size 1024K, 6 young (6144K), 6 survivors (6144K)
 Metaspace       used 13551K, capacity 13708K, committed 13952K, reserved 1062912K
  class space    used 1291K, capacity 1375K, committed 1408K, reserved 1048576K
}
Event: 6.295 GC heap before
{Heap before GC invocations=19 (full 0):
 garbage-first heap   total 370688K, used 204185K [0x00000000c0000000, 0x0000000100000000)
  region size 1024K, 87 young (89088K), 6 survivors (6144K)
 Metaspace       used 15111K, capacity 15377K, committed 15488K, reserved 1062912K
  class space    used 1514K, capacity 1611K, committed 1664K, reserved 1048576K
}
Event: 6.327 GC heap after
{Heap after GC invocations=20 (full 0):
 garbage-first heap   total 370688K, used 138019K [0x00000000c0000000, 0x0000000100000000)
  region size 1024K, 11 young (11264K), 11 survivors (11264K)
 Metaspace       used 15111K, capacity 15377K, committed 15488K, reserved 1062912K
  class space    used 1514K, capacity 1611K, committed 1664K, reserved 1048576K
}

Deoptimization events (20 events):
Event: 5.543 Thread 0x0000022b98189800 DEOPT PACKING pc=0x0000022b901ce2ac sp=0x000000da1b9fd1c0
Event: 5.543 Thread 0x0000022b98189800 DEOPT UNPACKING pc=0x0000022b886ca1af sp=0x000000da1b9fd188 mode 2
Event: 5.672 Thread 0x0000022b98189800 Uncommon trap: trap_request=0xffffff4d fr.pc=0x0000022b9023ebb4 relative=0x0000000000000114
Event: 5.672 Thread 0x0000022b98189800 Uncommon trap: reason=unstable_if action=reinterpret pc=0x0000022b9023ebb4 method=java.util.Arrays.hashCode([Ljava/lang/Object;)I @ 34 c2
Event: 5.672 Thread 0x0000022b98189800 DEOPT PACKING pc=0x0000022b9023ebb4 sp=0x000000da1b9fdb90
Event: 5.672 Thread 0x0000022b98189800 DEOPT UNPACKING pc=0x0000022b886ca1af sp=0x000000da1b9fdb08 mode 2
Event: 5.673 Thread 0x0000022b98189800 DEOPT PACKING pc=0x0000022b88cbfae7 sp=0x000000da1b9fb060
Event: 5.673 Thread 0x0000022b98189800 DEOPT UNPACKING pc=0x0000022b886ca95e sp=0x000000da1b9fa4f8 mode 0
Event: 5.831 Thread 0x0000022b9813f800 Uncommon trap: trap_request=0xffffff4d fr.pc=0x0000022b90316d5c relative=0x00000000000007dc
Event: 5.831 Thread 0x0000022b9813f800 Uncommon trap: reason=unstable_if action=reinterpret pc=0x0000022b90316d5c method=com.android.tools.r8.graph.y2.d(II)V @ 8 c2
Event: 5.831 Thread 0x0000022b9813f800 DEOPT PACKING pc=0x0000022b90316d5c sp=0x000000da1befdb10
Event: 5.831 Thread 0x0000022b9813f800 DEOPT UNPACKING pc=0x0000022b886ca1af sp=0x000000da1befdae0 mode 2
Event: 6.022 Thread 0x0000022b98189800 DEOPT PACKING pc=0x0000022b88e7f2c9 sp=0x000000da1b9fe360
Event: 6.022 Thread 0x0000022b98189800 DEOPT UNPACKING pc=0x0000022b886ca95e sp=0x000000da1b9fdca8 mode 0
Event: 6.438 Thread 0x0000022b98189800 DEOPT PACKING pc=0x0000022b88e7f2c9 sp=0x000000da1b9fe380
Event: 6.438 Thread 0x0000022b98189800 DEOPT UNPACKING pc=0x0000022b886ca95e sp=0x000000da1b9fdca8 mode 0
Event: 6.664 Thread 0x0000022b9813f800 DEOPT PACKING pc=0x0000022b8905178c sp=0x000000da1befdc70
Event: 6.664 Thread 0x0000022b9813f800 DEOPT UNPACKING pc=0x0000022b886ca95e sp=0x000000da1befd3f0 mode 0
Event: 6.712 Thread 0x0000022b98189800 DEOPT PACKING pc=0x0000022b8905178c sp=0x000000da1b9fdf50
Event: 6.712 Thread 0x0000022b98189800 DEOPT UNPACKING pc=0x0000022b886ca95e sp=0x000000da1b9fd6d0 mode 0

Classes redefined (0 events):
No events

Internal exceptions (20 events):
Event: 2.301 Thread 0x0000022b98189800 Exception <a 'java/lang/NoSuchMethodError'{0x00000000c6ff2678}: 'int java.lang.invoke.DirectMethodHandle$Holder.invokeInterface(java.lang.Object, java.lang.Object, java.lang.Object, java.lang.Object)'> (0x00000000c6ff2678) thrown at [./src/hotspot/share/interpreter/linkResolver.cpp, line 773]
Event: 2.301 Thread 0x0000022b9813f800 Exception <a 'java/lang/IncompatibleClassChangeError'{0x00000000c6e13100}: Found class java.lang.Object, but interface was expected> (0x00000000c6e13100) thrown at [./src/hotspot/share/interpreter/linkResolver.cpp, line 839]
Event: 2.301 Thread 0x0000022b98189800 Exception <a 'java/lang/IncompatibleClassChangeError'{0x00000000c6ff56b8}: Found class java.lang.Object, but interface was expected> (0x00000000c6ff56b8) thrown at [./src/hotspot/share/interpreter/linkResolver.cpp, line 839]
Event: 2.314 Thread 0x0000022b98189800 Exception <a 'java/lang/NoSuchMethodError'{0x00000000c6d0dfb8}: 'java.lang.Object java.lang.invoke.DirectMethodHandle$Holder.invokeVirtual(java.lang.Object, java.lang.Object, java.lang.Object)'> (0x00000000c6d0dfb8) thrown at [./src/hotspot/share/interpreter/linkResolver.cpp, line 773]
Event: 2.314 Thread 0x0000022b9813f800 Exception <a 'java/lang/NoSuchMethodError'{0x00000000c6e326e0}: 'java.lang.Object java.lang.invoke.DirectMethodHandle$Holder.invokeVirtual(java.lang.Object, java.lang.Object, java.lang.Object)'> (0x00000000c6e326e0) thrown at [./src/hotspot/share/interpreter/linkResolver.cpp, line 773]
Event: 2.387 Thread 0x0000022b98189800 Exception <a 'java/lang/NoSuchMethodError'{0x00000000c6c132b0}: 'long java.lang.invoke.DirectMethodHandle$Holder.invokeStatic(java.lang.Object, java.lang.Object)'> (0x00000000c6c132b0) thrown at [./src/hotspot/share/interpreter/linkResolver.cpp, line 773]
Event: 2.387 Thread 0x0000022b9813f800 Exception <a 'java/lang/NoSuchMethodError'{0x00000000c6cae6e8}: 'long java.lang.invoke.DirectMethodHandle$Holder.invokeStatic(java.lang.Object, java.lang.Object)'> (0x00000000c6cae6e8) thrown at [./src/hotspot/share/interpreter/linkResolver.cpp, line 773]
Event: 2.388 Thread 0x0000022b98189800 Exception <a 'java/lang/NoSuchMethodError'{0x00000000c6c160b8}: 'long java.lang.invoke.DirectMethodHandle$Holder.invokeStaticInit(java.lang.Object, java.lang.Object)'> (0x00000000c6c160b8) thrown at [./src/hotspot/share/interpreter/linkResolver.cpp, line 773]
Event: 2.590 Thread 0x0000022b9813f800 Implicit null exception at 0x0000022b90207dd0 to 0x0000022b90208c10
Event: 2.591 Thread 0x0000022b98189800 Implicit null exception at 0x0000022b90202f6c to 0x0000022b90204398
Event: 2.820 Thread 0x0000022b9813f800 Exception <a 'java/lang/NoSuchMethodError'{0x00000000c75f2ee0}: 'void java.lang.invoke.DirectMethodHandle$Holder.invokeSpecial(java.lang.Object, java.lang.Object, java.lang.Object, java.lang.Object, java.lang.Object)'> (0x00000000c75f2ee0) thrown at [./src/hotspot/share/interpreter/linkResolver.cpp, line 773]
Event: 2.821 Thread 0x0000022b98189800 Exception <a 'java/lang/NoSuchMethodError'{0x00000000c7332c08}: 'void java.lang.invoke.DirectMethodHandle$Holder.invokeSpecial(java.lang.Object, java.lang.Object, java.lang.Object, java.lang.Object, java.lang.Object)'> (0x00000000c7332c08) thrown at [./src/hotspot/share/interpreter/linkResolver.cpp, line 773]
Event: 5.309 Thread 0x0000022bfa98b800 Exception <a 'java/lang/NoSuchMethodError'{0x00000000d63bc878}: 'int java.lang.invoke.DirectMethodHandle$Holder.invokeSpecial(java.lang.Object, java.lang.Object, java.lang.Object, java.lang.Object)'> (0x00000000d63bc878) thrown at [./src/hotspot/share/interpreter/linkResolver.cpp, line 773]
Event: 5.328 Thread 0x0000022bfa98b800 Exception <a 'java/lang/NoSuchMethodError'{0x00000000d6226d08}: 'void java.lang.invoke.DirectMethodHandle$Holder.invokeSpecial(java.lang.Object, java.lang.Object)'> (0x00000000d6226d08) thrown at [./src/hotspot/share/interpreter/linkResolver.cpp, line 773]
Event: 5.375 Thread 0x0000022bfa98b800 Implicit null exception at 0x0000022b902ed5f2 to 0x0000022b902ed824
Event: 5.384 Thread 0x0000022bfa98b800 Exception <a 'java/lang/IncompatibleClassChangeError'{0x00000000d612bd30}: Found class java.lang.Object, but interface was expected> (0x00000000d612bd30) thrown at [./src/hotspot/share/interpreter/linkResolver.cpp, line 839]
Event: 5.385 Thread 0x0000022bfa98b800 Exception <a 'java/lang/NoSuchMethodError'{0x00000000d6130a68}: 'java.lang.Object java.lang.invoke.DirectMethodHandle$Holder.invokeStatic(java.lang.Object, java.lang.Object, java.lang.Object, int)'> (0x00000000d6130a68) thrown at [./src/hotspot/share/interpreter/linkResolver.cpp, line 773]
Event: 5.388 Thread 0x0000022bfa98b800 Exception <a 'java/lang/NoSuchMethodError'{0x00000000d613ab88}: 'void java.lang.invoke.DirectMethodHandle$Holder.invokeStatic(java.lang.Object, java.lang.Object, java.lang.Object, java.lang.Object, java.lang.Object, java.lang.Object)'> (0x00000000d613ab88) thrown at [./src/hotspot/share/interpreter/linkResolver.cpp, line 773]
Event: 5.391 Thread 0x0000022bfa98b800 Exception <a 'java/lang/NoSuchMethodError'{0x00000000d6148ed0}: 'java.lang.Object java.lang.invoke.Invokers$Holder.linkToTargetMethod(java.lang.Object, java.lang.Object, int, java.lang.Object)'> (0x00000000d6148ed0) thrown at [./src/hotspot/share/interpreter/linkResolver.cpp, line 773]
Event: 5.672 Thread 0x0000022b98189800 Implicit null exception at 0x0000022b9023eaef to 0x0000022b9023eb98

Events (20 events):
Event: 5.748 loading class com/android/tools/r8/internal/vM
Event: 5.748 loading class com/android/tools/r8/internal/vM done
Event: 5.749 loading class com/android/tools/r8/internal/R10
Event: 5.749 loading class com/android/tools/r8/internal/R10 done
Event: 5.751 loading class com/android/tools/r8/internal/zI
Event: 5.751 loading class com/android/tools/r8/internal/zI done
Event: 5.752 loading class com/android/tools/r8/internal/Ej
Event: 5.752 loading class com/android/tools/r8/internal/Ej done
Event: 5.753 loading class com/android/tools/r8/internal/fi
Event: 5.753 loading class com/android/tools/r8/internal/fi done
Event: 5.754 loading class com/android/tools/r8/internal/R5
Event: 5.754 loading class com/android/tools/r8/internal/R5 done
Event: 5.754 loading class com/android/tools/r8/internal/LZ
Event: 5.754 loading class com/android/tools/r8/internal/LZ done
Event: 5.754 loading class com/android/tools/r8/internal/PS
Event: 5.754 loading class com/android/tools/r8/internal/PS done
Event: 5.755 loading class com/android/tools/r8/internal/ce
Event: 5.755 loading class com/android/tools/r8/internal/ce done
Event: 6.274 Executing VM operation: G1CollectForAllocation
Event: 6.327 Executing VM operation: G1CollectForAllocation done


Dynamic libraries:
0x00007ff65e870000 - 0x00007ff65e87d000 	C:\Program Files\Microsoft\jdk-11.0.16.101-hotspot\bin\java.exe
0x00007ffdaa3f0000 - 0x00007ffdaa5e8000 	C:\Windows\SYSTEM32\ntdll.dll
0x00007ffda8e60000 - 0x00007ffda8f1d000 	C:\Windows\System32\KERNEL32.DLL
0x00007ffda8030000 - 0x00007ffda8326000 	C:\Windows\System32\KERNELBASE.dll
0x00007ffda7ea0000 - 0x00007ffda7fa0000 	C:\Windows\System32\ucrtbase.dll
0x00007ffd8e840000 - 0x00007ffd8e857000 	C:\Program Files\Microsoft\jdk-11.0.16.101-hotspot\bin\jli.dll
0x00007ffd8dff0000 - 0x00007ffd8e005000 	C:\Program Files\Microsoft\jdk-11.0.16.101-hotspot\bin\VCRUNTIME140.dll
0x00007ffda8680000 - 0x00007ffda881e000 	C:\Windows\System32\USER32.dll
0x00007ffda7d00000 - 0x00007ffda7d22000 	C:\Windows\System32\win32u.dll
0x00007ffdaa270000 - 0x00007ffdaa29c000 	C:\Windows\System32\GDI32.dll
0x00007ffda8330000 - 0x00007ffda844a000 	C:\Windows\System32\gdi32full.dll
0x00007ffd99b20000 - 0x00007ffd99dba000 	C:\Windows\WinSxS\amd64_microsoft.windows.common-controls_6595b64144ccf1df_6.0.19041.3636_none_60b6a03d71f818d5\COMCTL32.dll
0x00007ffda7ad0000 - 0x00007ffda7b6d000 	C:\Windows\System32\msvcp_win.dll
0x00007ffda94d0000 - 0x00007ffda956e000 	C:\Windows\System32\msvcrt.dll
0x00007ffda8940000 - 0x00007ffda8970000 	C:\Windows\System32\IMM32.DLL
0x00007ffd7aac0000 - 0x00007ffd7ab5b000 	C:\Program Files\Microsoft\jdk-11.0.16.101-hotspot\bin\msvcp140.dll
0x00007ffcc6770000 - 0x00007ffcc72fa000 	C:\Program Files\Microsoft\jdk-11.0.16.101-hotspot\bin\server\jvm.dll
0x00007ffdaa2a0000 - 0x00007ffdaa34f000 	C:\Windows\System32\ADVAPI32.dll
0x00007ffda8450000 - 0x00007ffda84ec000 	C:\Windows\System32\sechost.dll
0x00007ffda9290000 - 0x00007ffda93b6000 	C:\Windows\System32\RPCRT4.dll
0x00007ffda9780000 - 0x00007ffda9788000 	C:\Windows\System32\PSAPI.DLL
0x00007ffd9ab30000 - 0x00007ffd9ab39000 	C:\Windows\SYSTEM32\WSOCK32.dll
0x00007ffd9bc50000 - 0x00007ffd9bc77000 	C:\Windows\SYSTEM32\WINMM.dll
0x00007ffd9f720000 - 0x00007ffd9f72a000 	C:\Windows\SYSTEM32\VERSION.dll
0x00007ffda8820000 - 0x00007ffda888b000 	C:\Windows\System32\WS2_32.dll
0x00007ffda6370000 - 0x00007ffda6382000 	C:\Windows\SYSTEM32\kernel.appcore.dll
0x00007ffd9e980000 - 0x00007ffd9e990000 	C:\Program Files\Microsoft\jdk-11.0.16.101-hotspot\bin\verify.dll
0x00007ffda56e0000 - 0x00007ffda58c4000 	C:\Windows\SYSTEM32\DBGHELP.DLL
0x00007ffd8c540000 - 0x00007ffd8c574000 	C:\Windows\SYSTEM32\dbgcore.DLL
0x00007ffda7fa0000 - 0x00007ffda8022000 	C:\Windows\System32\bcryptPrimitives.dll
0x00007ffd8dde0000 - 0x00007ffd8de08000 	C:\Program Files\Microsoft\jdk-11.0.16.101-hotspot\bin\java.dll
0x00007ffd8f1f0000 - 0x00007ffd8f1fa000 	C:\Program Files\Microsoft\jdk-11.0.16.101-hotspot\bin\jimage.dll
0x00007ffd8dd10000 - 0x00007ffd8dd28000 	C:\Program Files\Microsoft\jdk-11.0.16.101-hotspot\bin\zip.dll
0x00007ffda9b20000 - 0x00007ffdaa264000 	C:\Windows\System32\SHELL32.dll
0x00007ffda5b90000 - 0x00007ffda632b000 	C:\Windows\SYSTEM32\windows.storage.dll
0x00007ffda8f20000 - 0x00007ffda9274000 	C:\Windows\System32\combase.dll
0x00007ffda7440000 - 0x00007ffda746d000 	C:\Windows\SYSTEM32\Wldp.dll
0x00007ffda84f0000 - 0x00007ffda859d000 	C:\Windows\System32\SHCORE.dll
0x00007ffda9860000 - 0x00007ffda98b5000 	C:\Windows\System32\shlwapi.dll
0x00007ffda7a00000 - 0x00007ffda7a25000 	C:\Windows\SYSTEM32\profapi.dll
0x00007ffd86590000 - 0x00007ffd865a9000 	C:\Program Files\Microsoft\jdk-11.0.16.101-hotspot\bin\net.dll
0x00007ffda15d0000 - 0x00007ffda16da000 	C:\Windows\SYSTEM32\WINHTTP.dll
0x00007ffda71a0000 - 0x00007ffda720a000 	C:\Windows\system32\mswsock.dll
0x00007ffd81240000 - 0x00007ffd81253000 	C:\Program Files\Microsoft\jdk-11.0.16.101-hotspot\bin\nio.dll

dbghelp: loaded successfully - version: 4.0.5 - missing functions: none
symbol engine: initialized successfully - sym options: 0x614 - pdb path: .;C:\Program Files\Microsoft\jdk-11.0.16.101-hotspot\bin;C:\Windows\SYSTEM32;C:\Windows\WinSxS\amd64_microsoft.windows.common-controls_6595b64144ccf1df_6.0.19041.3636_none_60b6a03d71f818d5;C:\Program Files\Microsoft\jdk-11.0.16.101-hotspot\bin\server

VM Arguments:
jvm_args: -Xmx1G 
java_command: com.android.tools.r8.D8 --debug --min-api 21 --output obj\Debug\net7.0-android\android\bin\ --lib C:\Program Files (x86)\Android\android-sdk\platforms\android-33\android.jar obj\Debug\net7.0-android\android\bin\classes.zip C:\Program Files\dotnet\packs\Microsoft.Android.Ref.33\33.0.68\ref\net7.0\mono.android.jar C:\Program Files\dotnet\packs\Microsoft.Android.Sdk.Windows\33.0.68\tools\java_runtime_fastdev_net6.jar C:\Users\anilm\.nuget\packages\xamarin.jetbrains.annotations\23.0.0.5\buildTransitive\net6.0-android31.0\..\..\jar\org.jetbrains.annotations-23.0.0.jar C:\Users\anilm\.nuget\packages\xamarin.kotlin.stdlib\1.7.20.1\buildTransitive\net6.0-android31.0\..\..\jar\org.jetbrains.kotlin.kotlin-stdlib-1.7.20.jar C:\Users\anilm\.nuget\packages\xamarin.kotlin.stdlib.jdk7\1.7.20.1\buildTransitive\net6.0-android31.0\..\..\jar\org.jetbrains.kotlin.kotlin-stdlib-jdk7-1.7.20.jar C:\Users\anilm\.nuget\packages\xamarin.kotlin.stdlib.jdk8\1.7.20.1\buildTransitive\net6.0-android31.0\..\..\jar\org.jetbrains.kotlin.kotlin-stdlib-jdk8-1.7.20.jar C:\Users\anilm\.nuget\packages\xamarin.kotlinx.coroutines.core.jvm\1.6.4.1\buildTransitive\net6.0-android31.0\..\..\jar\org.jetbrains.kotlinx.kotlinx-coroutines-core-jvm-1.6.4.jar C:\Users\anilm\.nuget\packages\xamarin.kotlinx.coroutines.android\1.6.4.1\buildTransitive\net6.0-android31.0\..\..\jar\org.jetbrains.kotlinx.kotlinx-coroutines-android-1.6.4.jar C:\Users\anilm\.nuget\packages\xamarin.google.guava.listenablefuture\1.0.0.10\buildTransitive\net6.0-android31.0\..\..\jar\guava-listenablefuture.jar C:\Users\anilm\.nuget\packages\xamarin.androidx.annotation\1.5.0.1\buildTransitive\net6.0-android31.0\..\..\jar\androidx.annotation.annotation.jar C:\Users\anilm\.nuget\packages\xamarin.androidx.collection\1.2.0.5\buildTransitive\net6.0-android31.0\..\..\jar\androidx.collection.collection.jar C:\Users\anilm\.nuget\packages\xamarin.androidx.lifecycle.common\2.5.1.1\buildTransitive\net6.0-android31.0\..\..\jar\androidx.lifecy
java_class_path (initial): C:\Program Files\dotnet\packs\Microsoft.Android.Sdk.Windows\33.0.68\tools\r8.jar
Launcher Type: SUN_STANDARD

[Global flags]
     intx CICompilerCount                          = 3                                         {product} {ergonomic}
     uint ConcGCThreads                            = 1                                         {product} {ergonomic}
     uint G1ConcRefinementThreads                  = 4                                         {product} {ergonomic}
   size_t G1HeapRegionSize                         = 1048576                                   {product} {ergonomic}
    uintx GCDrainStackTargetSize                   = 64                                        {product} {ergonomic}
   size_t InitialHeapSize                          = 134217728                                 {product} {ergonomic}
   size_t MarkStackSize                            = 4194304                                   {product} {ergonomic}
   size_t MaxHeapSize                              = 1073741824                                {product} {command line}
   size_t MaxNewSize                               = 643825664                                 {product} {ergonomic}
   size_t MinHeapDeltaBytes                        = 1048576                                   {product} {ergonomic}
    uintx NonNMethodCodeHeapSize                   = 5830732                                {pd product} {ergonomic}
    uintx NonProfiledCodeHeapSize                  = 122913754                              {pd product} {ergonomic}
    uintx ProfiledCodeHeapSize                     = 122913754                              {pd product} {ergonomic}
    uintx ReservedCodeCacheSize                    = 251658240                              {pd product} {ergonomic}
     bool SegmentedCodeCache                       = true                                      {product} {ergonomic}
     bool UseCompressedClassPointers               = true                                 {lp64_product} {ergonomic}
     bool UseCompressedOops                        = true                                 {lp64_product} {ergonomic}
     bool UseG1GC                                  = true                                      {product} {ergonomic}
     bool UseLargePagesIndividualAllocation        = false                                  {pd product} {ergonomic}

Logging:
Log output configuration:
 #0: stdout all=warning uptime,level,tags
 #1: stderr all=off uptime,level,tags

Environment Variables:
PATH=C:\Program Files\Microsoft\jdk-17.0.1\bin;C:\Program Files\Microsoft\jdk-11.0.16.101-hotspot\bin;C:\Program Files (x86)\Common Files\Oracle\Java\javapath;C:\Windows\system32;C:\Windows;C:\Windows\System32\Wbem;C:\Windows\System32\WindowsPowerShell\v1.0\;C:\Windows\System32\OpenSSH\;C:\ProgramData\UNIVALI\Portugol Studio;C:\Program Files\PuTTY\;C:\Program Files\dotnet\;C:\Program Files\Azure Data Studio\bin;C:\Program Files\Git\cmd;C:\Program Files\nodejs\;C:\Program Files\Microsoft SQL Server\Client SDK\ODBC\170\Tools\Binn\;C:\Program Files (x86)\Microsoft SQL Server\150\Tools\Binn\;C:\Program Files\Microsoft SQL Server\150\Tools\Binn\;C:\Program Files\Microsoft SQL Server\150\DTS\Binn\;C:\Program Files (x86)\Microsoft SQL Server\160\Tools\Binn\;C:\Program Files\Microsoft SQL Server\160\Tools\Binn\;C:\Program Files\Microsoft SQL Server\160\DTS\Binn\;C:\Program Files (x86)\Microsoft SQL Server\150\DTS\Binn\;C:\Program Files (x86)\Microsoft SQL Server\160\DTS\Binn\;C:\Program Files (x86)\ZeroTier\One\;C:\Users\anilm\AppData\Local\Programs\Python\Python311\Scripts\;C:\Users\anilm\AppData\Local\Programs\Python\Python311\;C:\Users\anilm\AppData\Local\Microsoft\WindowsApps;C:\Users\anilm\AppData\Local\Programs\Microsoft VS Code\bin;C:\Users\anilm\.dotnet\tools;C:\Program Files\Azure Data Studio\bin;C:\Users\anilm\AppData\Roaming\npm;C:\Users\anilm\AppData\Roaming\npm\node_modules\@angular\cli\bin;;C:\Users\anilm\AppData\Local\spicetify
USERNAME=anilm
OS=Windows_NT
PROCESSOR_IDENTIFIER=Intel64 Family 6 Model 58 Stepping 9, GenuineIntel
TMP=C:\Users\anilm\AppData\Local\Temp
TEMP=C:\Users\anilm\AppData\Local\Temp



---------------  S Y S T E M  ---------------

OS: Windows 10 , 64 bit Build 19041 (10.0.19041.3636)
OS uptime: 0 days 4:58 hours

CPU:total 4 (initial active 4) (4 cores per cpu, 1 threads per core) family 6 model 58 stepping 9 microcode 0x21, cmov, cx8, fxsr, mmx, sse, sse2, sse3, ssse3, sse4.1, sse4.2, popcnt, avx, aes, clmul, erms, tsc, tscinvbit, tscinv

Memory: 4k page, system-wide physical 8149M (476M free)
TotalPageFile size 18149M (AvailPageFile size 5M)
current process WorkingSet (physical memory assigned to process): 383M, peak: 388M
current process commit charge ("private bytes"): 510M, peak: 514M

vm_info: OpenJDK 64-Bit Server VM (11.0.16.1+1-LTS) for windows-amd64 JRE (11.0.16.1+1-LTS), built on Aug 20 2022 20:09:04 by "" with MS VC++ 15.9 (VS2017)

END.
